{"/home/travis/build/npmtest/node-npmtest-npm_lazy/test.js":{"path":"/home/travis/build/npmtest/node-npmtest-npm_lazy/test.js","s":{"1":2,"2":2,"3":2,"4":2,"5":2,"6":2,"7":2,"8":1,"9":2,"10":2,"11":1,"12":1,"13":1,"14":1,"15":2,"16":2,"17":2,"18":2,"19":1,"20":1,"21":2,"22":2,"23":2,"24":1,"25":1,"26":1,"27":1,"28":1,"29":1,"30":1,"31":1,"32":1,"33":1,"34":1,"35":1,"36":1,"37":2,"38":2,"39":1,"40":2,"41":2,"42":1,"43":2,"44":2,"45":1,"46":2,"47":2,"48":1,"49":1,"50":1,"51":1,"52":1},"b":{"1":[2,1,1,1],"2":[1,1,1,1],"3":[1,1],"4":[1,1],"5":[1,1],"6":[1,1],"7":[1,1],"8":[1,1],"9":[1,1,1],"10":[1,1],"11":[1,1],"12":[1,1],"13":[1,1],"14":[1,1],"15":[1,1],"16":[1,1]},"f":{"1":2,"2":2,"3":2,"4":2,"5":2,"6":1,"7":1,"8":2,"9":2,"10":2,"11":2,"12":1},"fnMap":{"1":{"name":"(anonymous_1)","line":12,"loc":{"start":{"line":12,"column":1},"end":{"line":12,"column":13}}},"2":{"name":"(anonymous_2)","line":19,"loc":{"start":{"line":19,"column":5},"end":{"line":19,"column":17}}},"3":{"name":"(anonymous_3)","line":23,"loc":{"start":{"line":23,"column":24},"end":{"line":23,"column":36}}},"4":{"name":"(anonymous_4)","line":61,"loc":{"start":{"line":61,"column":5},"end":{"line":61,"column":17}}},"5":{"name":"(anonymous_5)","line":82,"loc":{"start":{"line":82,"column":5},"end":{"line":82,"column":17}}},"6":{"name":"(anonymous_6)","line":102,"loc":{"start":{"line":102,"column":83},"end":{"line":105,"column":10}},"skip":true},"7":{"name":"(anonymous_7)","line":113,"loc":{"start":{"line":113,"column":77},"end":{"line":116,"column":10}},"skip":true},"8":{"name":"(anonymous_8)","line":129,"loc":{"start":{"line":129,"column":12},"end":{"line":129,"column":40}},"skip":true},"9":{"name":"(anonymous_9)","line":137,"loc":{"start":{"line":137,"column":77},"end":{"line":140,"column":10}},"skip":true},"10":{"name":"(anonymous_10)","line":148,"loc":{"start":{"line":148,"column":83},"end":{"line":151,"column":10}},"skip":true},"11":{"name":"(anonymous_11)","line":159,"loc":{"start":{"line":159,"column":79},"end":{"line":162,"column":10}},"skip":true},"12":{"name":"(anonymous_12)","line":170,"loc":{"start":{"line":170,"column":75},"end":{"line":173,"column":10}},"skip":true}},"statementMap":{"1":{"start":{"line":12,"column":0},"end":{"line":185,"column":5}},"2":{"start":{"line":14,"column":4},"end":{"line":14,"column":14}},"3":{"start":{"line":19,"column":4},"end":{"line":56,"column":9}},"4":{"start":{"line":21,"column":8},"end":{"line":21,"column":19}},"5":{"start":{"line":23,"column":8},"end":{"line":35,"column":13}},"6":{"start":{"line":24,"column":12},"end":{"line":34,"column":13}},"7":{"start":{"line":25,"column":16},"end":{"line":28,"column":30}},"8":{"start":{"line":30,"column":16},"end":{"line":33,"column":27}},"9":{"start":{"line":37,"column":8},"end":{"line":39,"column":21}},"10":{"start":{"line":40,"column":8},"end":{"line":53,"column":9}},"11":{"start":{"line":43,"column":12},"end":{"line":46,"column":14}},"12":{"start":{"line":47,"column":12},"end":{"line":47,"column":18}},"13":{"start":{"line":50,"column":12},"end":{"line":51,"column":46}},"14":{"start":{"line":52,"column":12},"end":{"line":52,"column":18}},"15":{"start":{"line":55,"column":8},"end":{"line":55,"column":35}},"16":{"start":{"line":61,"column":4},"end":{"line":63,"column":9}},"17":{"start":{"line":62,"column":8},"end":{"line":62,"column":15}},"18":{"start":{"line":64,"column":4},"end":{"line":77,"column":5}},"19":{"start":{"line":70,"column":8},"end":{"line":70,"column":14}},"20":{"start":{"line":76,"column":8},"end":{"line":76,"column":14}},"21":{"start":{"line":82,"column":4},"end":{"line":84,"column":9}},"22":{"start":{"line":83,"column":8},"end":{"line":83,"column":15}},"23":{"start":{"line":85,"column":4},"end":{"line":184,"column":5}},"24":{"start":{"line":92,"column":8},"end":{"line":94,"column":63}},"25":{"start":{"line":95,"column":8},"end":{"line":95,"column":14}},"26":{"start":{"line":102,"column":8},"end":{"line":111,"column":10},"skip":true},"27":{"start":{"line":109,"column":12},"end":{"line":109,"column":55},"skip":true},"28":{"start":{"line":110,"column":12},"end":{"line":110,"column":48},"skip":true},"29":{"start":{"line":113,"column":8},"end":{"line":126,"column":10},"skip":true},"30":{"start":{"line":120,"column":12},"end":{"line":120,"column":76},"skip":true},"31":{"start":{"line":121,"column":12},"end":{"line":121,"column":73},"skip":true},"32":{"start":{"line":122,"column":12},"end":{"line":122,"column":74},"skip":true},"33":{"start":{"line":123,"column":12},"end":{"line":123,"column":79},"skip":true},"34":{"start":{"line":124,"column":12},"end":{"line":124,"column":25},"skip":true},"35":{"start":{"line":125,"column":12},"end":{"line":125,"column":45},"skip":true},"36":{"start":{"line":128,"column":8},"end":{"line":135,"column":14},"skip":true},"37":{"start":{"line":133,"column":16},"end":{"line":133,"column":29},"skip":true},"38":{"start":{"line":134,"column":16},"end":{"line":134,"column":55},"skip":true},"39":{"start":{"line":137,"column":8},"end":{"line":146,"column":10},"skip":true},"40":{"start":{"line":144,"column":12},"end":{"line":144,"column":25},"skip":true},"41":{"start":{"line":145,"column":12},"end":{"line":145,"column":45},"skip":true},"42":{"start":{"line":148,"column":8},"end":{"line":157,"column":10},"skip":true},"43":{"start":{"line":155,"column":12},"end":{"line":155,"column":25},"skip":true},"44":{"start":{"line":156,"column":12},"end":{"line":156,"column":48},"skip":true},"45":{"start":{"line":159,"column":8},"end":{"line":168,"column":10},"skip":true},"46":{"start":{"line":166,"column":12},"end":{"line":166,"column":25},"skip":true},"47":{"start":{"line":167,"column":12},"end":{"line":167,"column":46},"skip":true},"48":{"start":{"line":170,"column":8},"end":{"line":179,"column":10},"skip":true},"49":{"start":{"line":177,"column":12},"end":{"line":177,"column":94},"skip":true},"50":{"start":{"line":178,"column":12},"end":{"line":178,"column":48},"skip":true},"51":{"start":{"line":182,"column":8},"end":{"line":182,"column":35},"skip":true},"52":{"start":{"line":183,"column":8},"end":{"line":183,"column":14},"skip":true}},"branchMap":{"1":{"line":25,"type":"binary-expr","locations":[{"start":{"line":25,"column":23},"end":{"line":25,"column":62}},{"start":{"line":26,"column":20},"end":{"line":26,"column":70}},{"start":{"line":27,"column":20},"end":{"line":27,"column":71}},{"start":{"line":28,"column":20},"end":{"line":28,"column":29}}]},"2":{"line":30,"type":"binary-expr","locations":[{"start":{"line":30,"column":23},"end":{"line":30,"column":37}},{"start":{"line":31,"column":20},"end":{"line":31,"column":61}},{"start":{"line":32,"column":20},"end":{"line":32,"column":70}},{"start":{"line":33,"column":20},"end":{"line":33,"column":26}}]},"3":{"line":37,"type":"cond-expr","locations":[{"start":{"line":38,"column":14},"end":{"line":38,"column":20}},{"start":{"line":39,"column":14},"end":{"line":39,"column":20}}]},"4":{"line":40,"type":"switch","locations":[{"start":{"line":42,"column":8},"end":{"line":47,"column":18}},{"start":{"line":49,"column":8},"end":{"line":52,"column":18}}]},"5":{"line":44,"type":"binary-expr","locations":[{"start":{"line":44,"column":16},"end":{"line":44,"column":44}},{"start":{"line":44,"column":48},"end":{"line":44,"column":66}}]},"6":{"line":50,"type":"binary-expr","locations":[{"start":{"line":50,"column":21},"end":{"line":50,"column":49}},{"start":{"line":50,"column":53},"end":{"line":50,"column":72}}]},"7":{"line":64,"type":"switch","locations":[{"start":{"line":69,"column":4},"end":{"line":70,"column":14}},{"start":{"line":75,"column":4},"end":{"line":76,"column":14}}]},"8":{"line":85,"type":"switch","locations":[{"start":{"line":90,"column":4},"end":{"line":95,"column":14}},{"start":{"line":101,"column":4},"end":{"line":183,"column":14},"skip":true}]},"9":{"line":92,"type":"binary-expr","locations":[{"start":{"line":92,"column":18},"end":{"line":92,"column":32}},{"start":{"line":93,"column":12},"end":{"line":93,"column":53}},{"start":{"line":94,"column":12},"end":{"line":94,"column":61}}]},"10":{"line":102,"type":"binary-expr","locations":[{"start":{"line":102,"column":45},"end":{"line":102,"column":79},"skip":true},{"start":{"line":102,"column":83},"end":{"line":111,"column":9},"skip":true}]},"11":{"line":113,"type":"binary-expr","locations":[{"start":{"line":113,"column":42},"end":{"line":113,"column":73},"skip":true},{"start":{"line":113,"column":77},"end":{"line":126,"column":9},"skip":true}]},"12":{"line":128,"type":"binary-expr","locations":[{"start":{"line":128,"column":48},"end":{"line":128,"column":85},"skip":true},{"start":{"line":129,"column":12},"end":{"line":135,"column":13},"skip":true}]},"13":{"line":137,"type":"binary-expr","locations":[{"start":{"line":137,"column":42},"end":{"line":137,"column":73},"skip":true},{"start":{"line":137,"column":77},"end":{"line":146,"column":9},"skip":true}]},"14":{"line":148,"type":"binary-expr","locations":[{"start":{"line":148,"column":45},"end":{"line":148,"column":79},"skip":true},{"start":{"line":148,"column":83},"end":{"line":157,"column":9},"skip":true}]},"15":{"line":159,"type":"binary-expr","locations":[{"start":{"line":159,"column":43},"end":{"line":159,"column":75},"skip":true},{"start":{"line":159,"column":79},"end":{"line":168,"column":9},"skip":true}]},"16":{"line":170,"type":"binary-expr","locations":[{"start":{"line":170,"column":41},"end":{"line":170,"column":71},"skip":true},{"start":{"line":170,"column":75},"end":{"line":179,"column":9},"skip":true}]}},"code":["/* istanbul instrument in package npmtest_npm_lazy */","/*jslint","    bitwise: true,","    browser: true,","    maxerr: 8,","    maxlen: 96,","    node: true,","    nomen: true,","    regexp: true,","    stupid: true","*/","(function () {","    'use strict';","    var local;","","","","    // run shared js-env code - pre-init","    (function () {","        // init local","        local = {};","        // init modeJs","        local.modeJs = (function () {","            try {","                return typeof navigator.userAgent === 'string' &&","                    typeof document.querySelector('body') === 'object' &&","                    typeof XMLHttpRequest.prototype.open === 'function' &&","                    'browser';","            } catch (errorCaughtBrowser) {","                return module.exports &&","                    typeof process.versions.node === 'string' &&","                    typeof require('http').createServer === 'function' &&","                    'node';","            }","        }());","        // init global","        local.global = local.modeJs === 'browser'","            ? window","            : global;","        switch (local.modeJs) {","        // re-init local from window.local","        case 'browser':","            local = local.global.utility2.objectSetDefault(","                local.global.utility2_rollup || local.global.local,","                local.global.utility2","            );","            break;","        // re-init local from example.js","        case 'node':","            local = (local.global.utility2_rollup || require('utility2'))","                .requireExampleJsFromReadme();","            break;","        }","        // export local","        local.global.local = local;","    }());","","","","    // run shared js-env code - function","    (function () {","        return;","    }());","    switch (local.modeJs) {","","","","    // run browser js-env code - function","    case 'browser':","        break;","","","","    // run node js-env code - function","    case 'node':","        break;","    }","","","","    // run shared js-env code - post-init","    (function () {","        return;","    }());","    switch (local.modeJs) {","","","","    // run browser js-env code - post-init","    case 'browser':","        // run tests","        local.nop(local.modeTest &&","            document.querySelector('#testRunButton1') &&","            document.querySelector('#testRunButton1').click());","        break;","","","","    // run node js-env code - post-init","    /* istanbul ignore next */","    case 'node':","        local.testCase_buildApidoc_default = local.testCase_buildApidoc_default || function (","            options,","            onError","        ) {","        /*","         * this function will test buildApidoc's default handling-behavior-behavior","         */","            options = { modulePathList: module.paths };","            local.buildApidoc(options, onError);","        };","","        local.testCase_buildApp_default = local.testCase_buildApp_default || function (","            options,","            onError","        ) {","        /*","         * this function will test buildApp's default handling-behavior-behavior","         */","            local.testCase_buildReadme_default(options, local.onErrorThrow);","            local.testCase_buildLib_default(options, local.onErrorThrow);","            local.testCase_buildTest_default(options, local.onErrorThrow);","            local.testCase_buildCustomOrg_default(options, local.onErrorThrow);","            options = [];","            local.buildApp(options, onError);","        };","","        local.testCase_buildCustomOrg_default = local.testCase_buildCustomOrg_default ||","            function (options, onError) {","            /*","             * this function will test buildCustomOrg's default handling-behavior","             */","                options = {};","                local.buildCustomOrg(options, onError);","            };","","        local.testCase_buildLib_default = local.testCase_buildLib_default || function (","            options,","            onError","        ) {","        /*","         * this function will test buildLib's default handling-behavior","         */","            options = {};","            local.buildLib(options, onError);","        };","","        local.testCase_buildReadme_default = local.testCase_buildReadme_default || function (","            options,","            onError","        ) {","        /*","         * this function will test buildReadme's default handling-behavior-behavior","         */","            options = {};","            local.buildReadme(options, onError);","        };","","        local.testCase_buildTest_default = local.testCase_buildTest_default || function (","            options,","            onError","        ) {","        /*","         * this function will test buildTest's default handling-behavior","         */","            options = {};","            local.buildTest(options, onError);","        };","","        local.testCase_webpage_default = local.testCase_webpage_default || function (","            options,","            onError","        ) {","        /*","         * this function will test webpage's default handling-behavior","         */","            options = { modeCoverageMerge: true, url: local.serverLocalHost + '?modeTest=1' };","            local.browserTest(options, onError);","        };","","        // run test-server","        local.testRunServer(local);","        break;","    }","}());",""],"l":{"12":2,"14":2,"19":2,"21":2,"23":2,"24":2,"25":2,"30":1,"37":2,"40":2,"43":1,"47":1,"50":1,"52":1,"55":2,"61":2,"62":2,"64":2,"70":1,"76":1,"82":2,"83":2,"85":2,"92":1,"95":1,"102":1,"109":1,"110":1,"113":1,"120":1,"121":1,"122":1,"123":1,"124":1,"125":1,"128":1,"133":2,"134":2,"137":1,"144":2,"145":2,"148":1,"155":2,"156":2,"159":1,"166":2,"167":2,"170":1,"177":1,"178":1,"182":1,"183":1}},"/home/travis/build/npmtest/node-npmtest-npm_lazy/lib.npmtest_npm_lazy.js":{"path":"/home/travis/build/npmtest/node-npmtest-npm_lazy/lib.npmtest_npm_lazy.js","s":{"1":2,"2":2,"3":2,"4":2,"5":2,"6":2,"7":2,"8":1,"9":2,"10":2,"11":2,"12":2,"13":1,"14":1,"15":1,"16":1},"b":{"1":[2,1,1,1],"2":[1,1,1,1],"3":[1,1],"4":[2,2],"5":[1,1]},"f":{"1":2,"2":2,"3":2},"fnMap":{"1":{"name":"(anonymous_1)","line":12,"loc":{"start":{"line":12,"column":1},"end":{"line":12,"column":13}}},"2":{"name":"(anonymous_2)","line":19,"loc":{"start":{"line":19,"column":5},"end":{"line":19,"column":17}}},"3":{"name":"(anonymous_3)","line":23,"loc":{"start":{"line":23,"column":24},"end":{"line":23,"column":36}}}},"statementMap":{"1":{"start":{"line":12,"column":0},"end":{"line":53,"column":5}},"2":{"start":{"line":14,"column":4},"end":{"line":14,"column":14}},"3":{"start":{"line":19,"column":4},"end":{"line":52,"column":9}},"4":{"start":{"line":21,"column":8},"end":{"line":21,"column":19}},"5":{"start":{"line":23,"column":8},"end":{"line":35,"column":13}},"6":{"start":{"line":24,"column":12},"end":{"line":34,"column":13}},"7":{"start":{"line":25,"column":16},"end":{"line":28,"column":30}},"8":{"start":{"line":30,"column":16},"end":{"line":33,"column":27}},"9":{"start":{"line":37,"column":8},"end":{"line":39,"column":21}},"10":{"start":{"line":41,"column":8},"end":{"line":41,"column":54}},"11":{"start":{"line":43,"column":8},"end":{"line":43,"column":53}},"12":{"start":{"line":45,"column":8},"end":{"line":51,"column":9}},"13":{"start":{"line":46,"column":12},"end":{"line":46,"column":59}},"14":{"start":{"line":48,"column":12},"end":{"line":48,"column":35}},"15":{"start":{"line":49,"column":12},"end":{"line":49,"column":49}},"16":{"start":{"line":50,"column":12},"end":{"line":50,"column":43}}},"branchMap":{"1":{"line":25,"type":"binary-expr","locations":[{"start":{"line":25,"column":23},"end":{"line":25,"column":62}},{"start":{"line":26,"column":20},"end":{"line":26,"column":70}},{"start":{"line":27,"column":20},"end":{"line":27,"column":71}},{"start":{"line":28,"column":20},"end":{"line":28,"column":29}}]},"2":{"line":30,"type":"binary-expr","locations":[{"start":{"line":30,"column":23},"end":{"line":30,"column":37}},{"start":{"line":31,"column":20},"end":{"line":31,"column":61}},{"start":{"line":32,"column":20},"end":{"line":32,"column":70}},{"start":{"line":33,"column":20},"end":{"line":33,"column":26}}]},"3":{"line":37,"type":"cond-expr","locations":[{"start":{"line":38,"column":14},"end":{"line":38,"column":20}},{"start":{"line":39,"column":14},"end":{"line":39,"column":20}}]},"4":{"line":41,"type":"binary-expr","locations":[{"start":{"line":41,"column":16},"end":{"line":41,"column":44}},{"start":{"line":41,"column":48},"end":{"line":41,"column":53}}]},"5":{"line":45,"type":"if","locations":[{"start":{"line":45,"column":8},"end":{"line":45,"column":8}},{"start":{"line":45,"column":8},"end":{"line":45,"column":8}}]}},"code":["/* istanbul instrument in package npmtest_npm_lazy */","/*jslint","    bitwise: true,","    browser: true,","    maxerr: 8,","    maxlen: 96,","    node: true,","    nomen: true,","    regexp: true,","    stupid: true","*/","(function () {","    'use strict';","    var local;","","","","    // run shared js-env code - pre-init","    (function () {","        // init local","        local = {};","        // init modeJs","        local.modeJs = (function () {","            try {","                return typeof navigator.userAgent === 'string' &&","                    typeof document.querySelector('body') === 'object' &&","                    typeof XMLHttpRequest.prototype.open === 'function' &&","                    'browser';","            } catch (errorCaughtBrowser) {","                return module.exports &&","                    typeof process.versions.node === 'string' &&","                    typeof require('http').createServer === 'function' &&","                    'node';","            }","        }());","        // init global","        local.global = local.modeJs === 'browser'","            ? window","            : global;","        // init utility2_rollup","        local = local.global.utility2_rollup || local;","        // init lib","        local.local = local.npmtest_npm_lazy = local;","        // init exports","        if (local.modeJs === 'browser') {","            local.global.utility2_npmtest_npm_lazy = local;","        } else {","            module.exports = local;","            module.exports.__dirname = __dirname;","            module.exports.module = module;","        }","    }());","}());",""],"l":{"12":2,"14":2,"19":2,"21":2,"23":2,"24":2,"25":2,"30":1,"37":2,"41":2,"43":2,"45":2,"46":1,"48":1,"49":1,"50":1}},"/home/travis/build/npmtest/node-npmtest-npm_lazy/example.js":{"path":"/home/travis/build/npmtest/node-npmtest-npm_lazy/example.js","s":{"1":2,"2":2,"3":2,"4":2,"5":2,"6":2,"7":2,"8":1,"9":2,"10":2,"11":2,"12":2,"13":1,"14":2,"15":2,"16":2,"17":2,"18":2,"19":0,"20":2,"21":1,"22":1,"23":1,"24":1,"25":1,"26":0,"27":0,"28":1,"29":1,"30":2,"31":0,"32":0,"33":0,"34":1,"35":2,"36":2,"37":2,"38":2,"39":2,"40":2,"41":0,"42":2,"43":2,"44":2,"45":1,"46":3,"47":1,"48":1,"49":1,"50":1,"51":1,"52":1,"53":1,"54":1,"55":1,"56":1,"57":0,"58":1,"59":6,"60":6,"61":1,"62":2,"63":0,"64":2,"65":1,"66":1,"67":0,"68":0,"69":0,"70":0,"71":0,"72":0,"73":0,"74":0,"75":0,"76":0,"77":0,"78":0,"79":0,"80":0,"81":0,"82":0,"83":0},"b":{"1":[2,1,1,1],"2":[1,1,1,1],"3":[1,1],"4":[2,2],"5":[1,1],"6":[1,1],"7":[2,0],"8":[2,1,1,1,1,1],"9":[0,2,0],"10":[1,1],"11":[2,1,1],"12":[1,0],"13":[0,2],"14":[2,0,0,0,0,0,0],"15":[0,2],"16":[2,0],"17":[1,1],"18":[0,1],"19":[1,2,0,2],"20":[1,0],"21":[1,1],"22":[0,0],"23":[0,0],"24":[0,0],"25":[0,0],"26":[0,0],"27":[0,0],"28":[0,0]},"f":{"1":2,"2":2,"3":2,"4":2,"5":2,"6":2,"7":2,"8":2,"9":3,"10":1,"11":6,"12":0},"fnMap":{"1":{"name":"(anonymous_1)","line":26,"loc":{"start":{"line":26,"column":1},"end":{"line":26,"column":13}}},"2":{"name":"(anonymous_2)","line":33,"loc":{"start":{"line":33,"column":5},"end":{"line":33,"column":17}}},"3":{"name":"(anonymous_3)","line":37,"loc":{"start":{"line":37,"column":24},"end":{"line":37,"column":36}}},"4":{"name":"(anonymous_4)","line":69,"loc":{"start":{"line":69,"column":31},"end":{"line":69,"column":48}},"skip":true},"5":{"name":"(anonymous_5)","line":78,"loc":{"start":{"line":78,"column":26},"end":{"line":78,"column":45}},"skip":true},"6":{"name":"(anonymous_6)","line":123,"loc":{"start":{"line":123,"column":33},"end":{"line":123,"column":48}},"skip":true},"7":{"name":"(anonymous_7)","line":125,"loc":{"start":{"line":125,"column":27},"end":{"line":125,"column":39}},"skip":true},"8":{"name":"(anonymous_8)","line":133,"loc":{"start":{"line":133,"column":59},"end":{"line":133,"column":74}},"skip":true},"9":{"name":"(anonymous_9)","line":143,"loc":{"start":{"line":143,"column":45},"end":{"line":143,"column":62}},"skip":true},"10":{"name":"(anonymous_10)","line":144,"loc":{"start":{"line":144,"column":73},"end":{"line":144,"column":92}},"skip":true},"11":{"name":"(anonymous_11)","line":272,"loc":{"start":{"line":272,"column":51},"end":{"line":272,"column":77}},"skip":true},"12":{"name":"(anonymous_12)","line":314,"loc":{"start":{"line":314,"column":32},"end":{"line":314,"column":61}},"skip":true}},"statementMap":{"1":{"start":{"line":26,"column":0},"end":{"line":325,"column":5}},"2":{"start":{"line":28,"column":4},"end":{"line":28,"column":14}},"3":{"start":{"line":33,"column":4},"end":{"line":60,"column":9}},"4":{"start":{"line":35,"column":8},"end":{"line":35,"column":19}},"5":{"start":{"line":37,"column":8},"end":{"line":49,"column":13}},"6":{"start":{"line":38,"column":12},"end":{"line":48,"column":13}},"7":{"start":{"line":39,"column":16},"end":{"line":42,"column":30}},"8":{"start":{"line":44,"column":16},"end":{"line":47,"column":27}},"9":{"start":{"line":51,"column":8},"end":{"line":53,"column":21}},"10":{"start":{"line":55,"column":8},"end":{"line":57,"column":45}},"11":{"start":{"line":59,"column":8},"end":{"line":59,"column":35}},"12":{"start":{"line":61,"column":4},"end":{"line":324,"column":5}},"13":{"start":{"line":69,"column":8},"end":{"line":121,"column":10},"skip":true},"14":{"start":{"line":70,"column":12},"end":{"line":88,"column":13},"skip":true},"15":{"start":{"line":76,"column":16},"end":{"line":87,"column":19},"skip":true},"16":{"start":{"line":79,"column":20},"end":{"line":86,"column":21},"skip":true},"17":{"start":{"line":82,"column":24},"end":{"line":82,"column":43},"skip":true},"18":{"start":{"line":83,"column":24},"end":{"line":83,"column":30},"skip":true},"19":{"start":{"line":85,"column":24},"end":{"line":85,"column":49},"skip":true},"20":{"start":{"line":89,"column":12},"end":{"line":107,"column":13},"skip":true},"21":{"start":{"line":92,"column":16},"end":{"line":102,"column":17},"skip":true},"22":{"start":{"line":93,"column":20},"end":{"line":93,"column":86},"skip":true},"23":{"start":{"line":94,"column":20},"end":{"line":95,"column":45},"skip":true},"24":{"start":{"line":96,"column":20},"end":{"line":96,"column":42},"skip":true},"25":{"start":{"line":97,"column":20},"end":{"line":97,"column":48},"skip":true},"26":{"start":{"line":100,"column":20},"end":{"line":100,"column":85},"skip":true},"27":{"start":{"line":101,"column":20},"end":{"line":101,"column":96},"skip":true},"28":{"start":{"line":103,"column":16},"end":{"line":103,"column":22},"skip":true},"29":{"start":{"line":106,"column":16},"end":{"line":106,"column":22},"skip":true},"30":{"start":{"line":108,"column":12},"end":{"line":120,"column":13},"skip":true},"31":{"start":{"line":114,"column":16},"end":{"line":119,"column":17},"skip":true},"32":{"start":{"line":116,"column":20},"end":{"line":116,"column":78},"skip":true},"33":{"start":{"line":118,"column":20},"end":{"line":118,"column":47},"skip":true},"34":{"start":{"line":123,"column":8},"end":{"line":141,"column":11},"skip":true},"35":{"start":{"line":124,"column":12},"end":{"line":124,"column":54},"skip":true},"36":{"start":{"line":125,"column":12},"end":{"line":140,"column":14},"skip":true},"37":{"start":{"line":126,"column":16},"end":{"line":126,"column":28},"skip":true},"38":{"start":{"line":127,"column":16},"end":{"line":127,"column":69},"skip":true},"39":{"start":{"line":128,"column":16},"end":{"line":128,"column":75},"skip":true},"40":{"start":{"line":129,"column":16},"end":{"line":131,"column":17},"skip":true},"41":{"start":{"line":130,"column":20},"end":{"line":130,"column":27},"skip":true},"42":{"start":{"line":133,"column":16},"end":{"line":137,"column":36},"skip":true},"43":{"start":{"line":134,"column":20},"end":{"line":136,"column":55},"skip":true},"44":{"start":{"line":139,"column":16},"end":{"line":139,"column":57},"skip":true},"45":{"start":{"line":143,"column":8},"end":{"line":147,"column":11},"skip":true},"46":{"start":{"line":144,"column":12},"end":{"line":146,"column":15},"skip":true},"47":{"start":{"line":145,"column":16},"end":{"line":145,"column":70},"skip":true},"48":{"start":{"line":149,"column":8},"end":{"line":149,"column":31},"skip":true},"49":{"start":{"line":150,"column":8},"end":{"line":150,"column":14},"skip":true},"50":{"start":{"line":158,"column":8},"end":{"line":158,"column":31},"skip":true},"51":{"start":{"line":160,"column":8},"end":{"line":160,"column":33},"skip":true},"52":{"start":{"line":161,"column":8},"end":{"line":161,"column":37},"skip":true},"53":{"start":{"line":162,"column":8},"end":{"line":162,"column":35},"skip":true},"54":{"start":{"line":164,"column":8},"end":{"line":164,"column":50},"skip":true},"55":{"start":{"line":166,"column":8},"end":{"line":256,"column":2},"skip":true},"56":{"start":{"line":258,"column":8},"end":{"line":286,"column":9},"skip":true},"57":{"start":{"line":259,"column":12},"end":{"line":269,"column":14},"skip":true},"58":{"start":{"line":271,"column":12},"end":{"line":285,"column":19},"skip":true},"59":{"start":{"line":274,"column":20},"end":{"line":274,"column":35},"skip":true},"60":{"start":{"line":275,"column":20},"end":{"line":284,"column":21},"skip":true},"61":{"start":{"line":277,"column":24},"end":{"line":277,"column":64},"skip":true},"62":{"start":{"line":279,"column":24},"end":{"line":279,"column":40},"skip":true},"63":{"start":{"line":281,"column":24},"end":{"line":281,"column":40},"skip":true},"64":{"start":{"line":283,"column":24},"end":{"line":283,"column":39},"skip":true},"65":{"start":{"line":288,"column":8},"end":{"line":290,"column":9},"skip":true},"66":{"start":{"line":289,"column":12},"end":{"line":289,"column":18},"skip":true},"67":{"start":{"line":291,"column":8},"end":{"line":293,"column":54},"skip":true},"68":{"start":{"line":294,"column":8},"end":{"line":301,"column":37},"skip":true},"69":{"start":{"line":302,"column":8},"end":{"line":302,"column":82},"skip":true},"70":{"start":{"line":305,"column":8},"end":{"line":307,"column":9},"skip":true},"71":{"start":{"line":306,"column":12},"end":{"line":306,"column":82},"skip":true},"72":{"start":{"line":309,"column":8},"end":{"line":311,"column":9},"skip":true},"73":{"start":{"line":310,"column":12},"end":{"line":310,"column":18},"skip":true},"74":{"start":{"line":312,"column":8},"end":{"line":312,"column":54},"skip":true},"75":{"start":{"line":313,"column":8},"end":{"line":313,"column":69},"skip":true},"76":{"start":{"line":314,"column":8},"end":{"line":322,"column":36},"skip":true},"77":{"start":{"line":315,"column":12},"end":{"line":315,"column":61},"skip":true},"78":{"start":{"line":316,"column":12},"end":{"line":319,"column":13},"skip":true},"79":{"start":{"line":317,"column":16},"end":{"line":317,"column":75},"skip":true},"80":{"start":{"line":318,"column":16},"end":{"line":318,"column":23},"skip":true},"81":{"start":{"line":320,"column":12},"end":{"line":320,"column":38},"skip":true},"82":{"start":{"line":321,"column":12},"end":{"line":321,"column":27},"skip":true},"83":{"start":{"line":323,"column":8},"end":{"line":323,"column":14},"skip":true}},"branchMap":{"1":{"line":39,"type":"binary-expr","locations":[{"start":{"line":39,"column":23},"end":{"line":39,"column":62}},{"start":{"line":40,"column":20},"end":{"line":40,"column":70}},{"start":{"line":41,"column":20},"end":{"line":41,"column":71}},{"start":{"line":42,"column":20},"end":{"line":42,"column":29}}]},"2":{"line":44,"type":"binary-expr","locations":[{"start":{"line":44,"column":23},"end":{"line":44,"column":37}},{"start":{"line":45,"column":20},"end":{"line":45,"column":61}},{"start":{"line":46,"column":20},"end":{"line":46,"column":70}},{"start":{"line":47,"column":20},"end":{"line":47,"column":26}}]},"3":{"line":51,"type":"cond-expr","locations":[{"start":{"line":52,"column":14},"end":{"line":52,"column":20}},{"start":{"line":53,"column":14},"end":{"line":53,"column":20}}]},"4":{"line":55,"type":"binary-expr","locations":[{"start":{"line":55,"column":16},"end":{"line":55,"column":44}},{"start":{"line":55,"column":49},"end":{"line":57,"column":43}}]},"5":{"line":55,"type":"cond-expr","locations":[{"start":{"line":56,"column":14},"end":{"line":56,"column":52}},{"start":{"line":57,"column":14},"end":{"line":57,"column":43}}]},"6":{"line":61,"type":"switch","locations":[{"start":{"line":68,"column":4},"end":{"line":150,"column":14},"skip":true},{"start":{"line":156,"column":4},"end":{"line":323,"column":14},"skip":true}]},"7":{"line":70,"type":"if","locations":[{"start":{"line":70,"column":12},"end":{"line":70,"column":12},"skip":true},{"start":{"line":70,"column":12},"end":{"line":70,"column":12},"skip":true}]},"8":{"line":70,"type":"binary-expr","locations":[{"start":{"line":70,"column":16},"end":{"line":70,"column":22},"skip":true},{"start":{"line":70,"column":27},"end":{"line":70,"column":32},"skip":true},{"start":{"line":71,"column":20},"end":{"line":71,"column":39},"skip":true},{"start":{"line":72,"column":20},"end":{"line":72,"column":49},"skip":true},{"start":{"line":73,"column":20},"end":{"line":73,"column":58},"skip":true},{"start":{"line":74,"column":20},"end":{"line":74,"column":69},"skip":true}]},"9":{"line":79,"type":"switch","locations":[{"start":{"line":80,"column":20},"end":{"line":80,"column":33},"skip":true},{"start":{"line":81,"column":20},"end":{"line":83,"column":30},"skip":true},{"start":{"line":84,"column":20},"end":{"line":85,"column":49},"skip":true}]},"10":{"line":89,"type":"switch","locations":[{"start":{"line":90,"column":12},"end":{"line":103,"column":22},"skip":true},{"start":{"line":105,"column":12},"end":{"line":106,"column":22},"skip":true}]},"11":{"line":89,"type":"binary-expr","locations":[{"start":{"line":89,"column":20},"end":{"line":89,"column":25},"skip":true},{"start":{"line":89,"column":29},"end":{"line":89,"column":48},"skip":true},{"start":{"line":89,"column":52},"end":{"line":89,"column":74},"skip":true}]},"12":{"line":92,"type":"if","locations":[{"start":{"line":92,"column":16},"end":{"line":92,"column":16},"skip":true},{"start":{"line":92,"column":16},"end":{"line":92,"column":16},"skip":true}]},"13":{"line":108,"type":"if","locations":[{"start":{"line":108,"column":12},"end":{"line":108,"column":12},"skip":true},{"start":{"line":108,"column":12},"end":{"line":108,"column":12},"skip":true}]},"14":{"line":108,"type":"binary-expr","locations":[{"start":{"line":108,"column":16},"end":{"line":108,"column":61},"skip":true},{"start":{"line":108,"column":66},"end":{"line":108,"column":72},"skip":true},{"start":{"line":108,"column":77},"end":{"line":108,"column":82},"skip":true},{"start":{"line":109,"column":20},"end":{"line":109,"column":39},"skip":true},{"start":{"line":110,"column":20},"end":{"line":110,"column":49},"skip":true},{"start":{"line":111,"column":20},"end":{"line":111,"column":58},"skip":true},{"start":{"line":112,"column":20},"end":{"line":112,"column":68},"skip":true}]},"15":{"line":129,"type":"if","locations":[{"start":{"line":129,"column":16},"end":{"line":129,"column":16},"skip":true},{"start":{"line":129,"column":16},"end":{"line":129,"column":16},"skip":true}]},"16":{"line":134,"type":"cond-expr","locations":[{"start":{"line":135,"column":26},"end":{"line":135,"column":29},"skip":true},{"start":{"line":136,"column":26},"end":{"line":136,"column":54},"skip":true}]},"17":{"line":164,"type":"binary-expr","locations":[{"start":{"line":164,"column":27},"end":{"line":164,"column":43},"skip":true},{"start":{"line":164,"column":47},"end":{"line":164,"column":49},"skip":true}]},"18":{"line":258,"type":"if","locations":[{"start":{"line":258,"column":8},"end":{"line":258,"column":8},"skip":true},{"start":{"line":258,"column":8},"end":{"line":258,"column":8},"skip":true}]},"19":{"line":275,"type":"switch","locations":[{"start":{"line":276,"column":20},"end":{"line":277,"column":64},"skip":true},{"start":{"line":278,"column":20},"end":{"line":279,"column":40},"skip":true},{"start":{"line":280,"column":20},"end":{"line":281,"column":40},"skip":true},{"start":{"line":282,"column":20},"end":{"line":283,"column":39},"skip":true}]},"20":{"line":288,"type":"if","locations":[{"start":{"line":288,"column":8},"end":{"line":288,"column":8},"skip":true},{"start":{"line":288,"column":8},"end":{"line":288,"column":8},"skip":true}]},"21":{"line":288,"type":"binary-expr","locations":[{"start":{"line":288,"column":12},"end":{"line":288,"column":40},"skip":true},{"start":{"line":288,"column":44},"end":{"line":288,"column":67},"skip":true}]},"22":{"line":292,"type":"binary-expr","locations":[{"start":{"line":292,"column":12},"end":{"line":292,"column":50},"skip":true},{"start":{"line":293,"column":12},"end":{"line":293,"column":53},"skip":true}]},"23":{"line":295,"type":"binary-expr","locations":[{"start":{"line":295,"column":12},"end":{"line":295,"column":66},"skip":true},{"start":{"line":296,"column":12},"end":{"line":301,"column":36},"skip":true}]},"24":{"line":302,"type":"binary-expr","locations":[{"start":{"line":302,"column":43},"end":{"line":302,"column":75},"skip":true},{"start":{"line":302,"column":79},"end":{"line":302,"column":81},"skip":true}]},"25":{"line":305,"type":"if","locations":[{"start":{"line":305,"column":8},"end":{"line":305,"column":8},"skip":true},{"start":{"line":305,"column":8},"end":{"line":305,"column":8},"skip":true}]},"26":{"line":309,"type":"if","locations":[{"start":{"line":309,"column":8},"end":{"line":309,"column":8},"skip":true},{"start":{"line":309,"column":8},"end":{"line":309,"column":8},"skip":true}]},"27":{"line":312,"type":"binary-expr","locations":[{"start":{"line":312,"column":27},"end":{"line":312,"column":43},"skip":true},{"start":{"line":312,"column":47},"end":{"line":312,"column":53},"skip":true}]},"28":{"line":316,"type":"if","locations":[{"start":{"line":316,"column":12},"end":{"line":316,"column":12},"skip":true},{"start":{"line":316,"column":12},"end":{"line":316,"column":12},"skip":true}]}},"code":["/*","example.js","","quickstart example","","instruction","    1. save this script as example.js","    2. run the shell command:","        $ npm install npmtest-npm_lazy && PORT=8081 node example.js","    3. play with the browser-demo on http://127.0.0.1:8081","*/","","","","/* istanbul instrument in package npmtest_npm_lazy */","/*jslint","    bitwise: true,","    browser: true,","    maxerr: 8,","    maxlen: 96,","    node: true,","    nomen: true,","    regexp: true,","    stupid: true","*/","(function () {","    'use strict';","    var local;","","","","    // run shared js-env code - pre-init","    (function () {","        // init local","        local = {};","        // init modeJs","        local.modeJs = (function () {","            try {","                return typeof navigator.userAgent === 'string' &&","                    typeof document.querySelector('body') === 'object' &&","                    typeof XMLHttpRequest.prototype.open === 'function' &&","                    'browser';","            } catch (errorCaughtBrowser) {","                return module.exports &&","                    typeof process.versions.node === 'string' &&","                    typeof require('http').createServer === 'function' &&","                    'node';","            }","        }());","        // init global","        local.global = local.modeJs === 'browser'","            ? window","            : global;","        // init utility2_rollup","        local = local.global.utility2_rollup || (local.modeJs === 'browser'","            ? local.global.utility2_npmtest_npm_lazy","            : global.utility2_moduleExports);","        // export local","        local.global.local = local;","    }());","    switch (local.modeJs) {","","","","    // post-init","    // run browser js-env code - post-init","    /* istanbul ignore next */","    case 'browser':","        local.testRunBrowser = function (event) {","            if (!event || (event &&","                    event.currentTarget &&","                    event.currentTarget.className &&","                    event.currentTarget.className.includes &&","                    event.currentTarget.className.includes('onreset'))) {","                // reset output","                Array.from(","                    document.querySelectorAll('body > .resettable')","                ).forEach(function (element) {","                    switch (element.tagName) {","                    case 'INPUT':","                    case 'TEXTAREA':","                        element.value = '';","                        break;","                    default:","                        element.textContent = '';","                    }","                });","            }","            switch (event && event.currentTarget && event.currentTarget.id) {","            case 'testRunButton1':","                // show tests","                if (document.querySelector('#testReportDiv1').style.display === 'none') {","                    document.querySelector('#testReportDiv1').style.display = 'block';","                    document.querySelector('#testRunButton1').textContent =","                        'hide internal test';","                    local.modeTest = true;","                    local.testRunDefault(local);","                // hide tests","                } else {","                    document.querySelector('#testReportDiv1').style.display = 'none';","                    document.querySelector('#testRunButton1').textContent = 'run internal test';","                }","                break;","            // custom-case","            default:","                break;","            }","            if (document.querySelector('#inputTextareaEval1') && (!event || (event &&","                    event.currentTarget &&","                    event.currentTarget.className &&","                    event.currentTarget.className.includes &&","                    event.currentTarget.className.includes('oneval')))) {","                // try to eval input-code","                try {","                    /*jslint evil: true*/","                    eval(document.querySelector('#inputTextareaEval1').value);","                } catch (errorCaught) {","                    console.error(errorCaught);","                }","            }","        };","        // log stderr and stdout to #outputTextareaStdout1","        ['error', 'log'].forEach(function (key) {","            console[key + '_original'] = console[key];","            console[key] = function () {","                var element;","                console[key + '_original'].apply(console, arguments);","                element = document.querySelector('#outputTextareaStdout1');","                if (!element) {","                    return;","                }","                // append text to #outputTextareaStdout1","                element.value += Array.from(arguments).map(function (arg) {","                    return typeof arg === 'string'","                        ? arg","                        : JSON.stringify(arg, null, 4);","                }).join(' ') + '\\n';","                // scroll textarea to bottom","                element.scrollTop = element.scrollHeight;","            };","        });","        // init event-handling","        ['change', 'click', 'keyup'].forEach(function (event) {","            Array.from(document.querySelectorAll('.on' + event)).forEach(function (element) {","                element.addEventListener(event, local.testRunBrowser);","            });","        });","        // run tests","        local.testRunBrowser();","        break;","","","","    // run node js-env code - post-init","    /* istanbul ignore next */","    case 'node':","        // export local","        module.exports = local;","        // require modules","        local.fs = require('fs');","        local.http = require('http');","        local.url = require('url');","        // init assets","        local.assetsDict = local.assetsDict || {};","        /* jslint-ignore-begin */","        local.assetsDict['/assets.index.template.html'] = '\\","<!doctype html>\\n\\","<html lang=\"en\">\\n\\","<head>\\n\\","<meta charset=\"UTF-8\">\\n\\","<meta name=\"viewport\" content=\"width=device-width, initial-scale=1\">\\n\\","<title>{{env.npm_package_name}} (v{{env.npm_package_version}})</title>\\n\\","<style>\\n\\","/*csslint\\n\\","    box-sizing: false,\\n\\","    universal-selector: false\\n\\","*/\\n\\","* {\\n\\","    box-sizing: border-box;\\n\\","}\\n\\","body {\\n\\","    background: #dde;\\n\\","    font-family: Arial, Helvetica, sans-serif;\\n\\","    margin: 2rem;\\n\\","}\\n\\","body > * {\\n\\","    margin-bottom: 1rem;\\n\\","}\\n\\",".utility2FooterDiv {\\n\\","    margin-top: 20px;\\n\\","    text-align: center;\\n\\","}\\n\\","</style>\\n\\","<style>\\n\\","/*csslint\\n\\","*/\\n\\","textarea {\\n\\","    font-family: monospace;\\n\\","    height: 10rem;\\n\\","    width: 100%;\\n\\","}\\n\\","textarea[readonly] {\\n\\","    background: #ddd;\\n\\","}\\n\\","</style>\\n\\","</head>\\n\\","<body>\\n\\","<!-- utility2-comment\\n\\","<div id=\"ajaxProgressDiv1\" style=\"background: #d00; height: 2px; left: 0; margin: 0; padding: 0; position: fixed; top: 0; transition: background 0.5s, width 1.5s; width: 25%;\"></div>\\n\\","utility2-comment -->\\n\\","<h1>\\n\\","<!-- utility2-comment\\n\\","    <a\\n\\","        {{#if env.npm_package_homepage}}\\n\\","        href=\"{{env.npm_package_homepage}}\"\\n\\","        {{/if env.npm_package_homepage}}\\n\\","        target=\"_blank\"\\n\\","    >\\n\\","utility2-comment -->\\n\\","        {{env.npm_package_name}} (v{{env.npm_package_version}})\\n\\","<!-- utility2-comment\\n\\","    </a>\\n\\","utility2-comment -->\\n\\","</h1>\\n\\","<h3>{{env.npm_package_description}}</h3>\\n\\","<!-- utility2-comment\\n\\","<h4><a download href=\"assets.app.js\">download standalone app</a></h4>\\n\\","<button class=\"onclick onreset\" id=\"testRunButton1\">run internal test</button><br>\\n\\","<div id=\"testReportDiv1\" style=\"display: none;\"></div>\\n\\","utility2-comment -->\\n\\","\\n\\","\\n\\","\\n\\","<label>stderr and stdout</label>\\n\\","<textarea class=\"resettable\" id=\"outputTextareaStdout1\" readonly></textarea>\\n\\","<!-- utility2-comment\\n\\","{{#if isRollup}}\\n\\","<script src=\"assets.app.js\"></script>\\n\\","{{#unless isRollup}}\\n\\","utility2-comment -->\\n\\","<script src=\"assets.utility2.rollup.js\"></script>\\n\\","<script src=\"jsonp.utility2._stateInit?callback=window.utility2._stateInit\"></script>\\n\\","<script src=\"assets.npmtest_npm_lazy.rollup.js\"></script>\\n\\","<script src=\"assets.example.js\"></script>\\n\\","<script src=\"assets.test.js\"></script>\\n\\","<!-- utility2-comment\\n\\","{{/if isRollup}}\\n\\","utility2-comment -->\\n\\","<div class=\"utility2FooterDiv\">\\n\\","    [ this app was created with\\n\\","    <a href=\"https://github.com/kaizhu256/node-utility2\" target=\"_blank\">utility2</a>\\n\\","    ]\\n\\","</div>\\n\\","</body>\\n\\","</html>\\n\\","';","        /* jslint-ignore-end */","        if (local.templateRender) {","            local.assetsDict['/'] = local.templateRender(","                local.assetsDict['/assets.index.template.html'],","                {","                    env: local.objectSetDefault(local.env, {","                        npm_package_description: 'the greatest app in the world!',","                        npm_package_name: 'my-app',","                        npm_package_nameAlias: 'my_app',","                        npm_package_version: '0.0.1'","                    })","                }","            );","        } else {","            local.assetsDict['/'] = local.assetsDict['/assets.index.template.html']","                .replace((/\\{\\{env\\.(\\w+?)\\}\\}/g), function (match0, match1) {","                    // jslint-hack","                    String(match0);","                    switch (match1) {","                    case 'npm_package_description':","                        return 'the greatest app in the world!';","                    case 'npm_package_name':","                        return 'my-app';","                    case 'npm_package_nameAlias':","                        return 'my_app';","                    case 'npm_package_version':","                        return '0.0.1';","                    }","                });","        }","        // run the cli","        if (local.global.utility2_rollup || module !== require.main) {","            break;","        }","        local.assetsDict['/assets.example.js'] =","            local.assetsDict['/assets.example.js'] ||","            local.fs.readFileSync(__filename, 'utf8');","        local.assetsDict['/assets.npmtest_npm_lazy.rollup.js'] =","            local.assetsDict['/assets.npmtest_npm_lazy.rollup.js'] ||","            local.fs.readFileSync(","                // buildCustomOrg-hack","                local.npmtest_npm_lazy.__dirname +","                    '/lib.npmtest_npm_lazy.js',","                'utf8'","            ).replace((/^#!/), '//');","        local.assetsDict['/favicon.ico'] = local.assetsDict['/favicon.ico'] || '';","        // if $npm_config_timeout_exit exists,","        // then exit this process after $npm_config_timeout_exit ms","        if (Number(process.env.npm_config_timeout_exit)) {","            setTimeout(process.exit, Number(process.env.npm_config_timeout_exit));","        }","        // start server","        if (local.global.utility2_serverHttp1) {","            break;","        }","        process.env.PORT = process.env.PORT || '8081';","        console.error('server starting on port ' + process.env.PORT);","        local.http.createServer(function (request, response) {","            request.urlParsed = local.url.parse(request.url);","            if (local.assetsDict[request.urlParsed.pathname] !== undefined) {","                response.end(local.assetsDict[request.urlParsed.pathname]);","                return;","            }","            response.statusCode = 404;","            response.end();","        }).listen(process.env.PORT);","        break;","    }","}());",""],"l":{"26":2,"28":2,"33":2,"35":2,"37":2,"38":2,"39":2,"44":1,"51":2,"55":2,"59":2,"61":2,"69":1,"70":2,"76":2,"79":2,"82":2,"83":2,"85":1,"89":2,"92":1,"93":1,"94":1,"96":1,"97":1,"100":1,"101":1,"103":1,"106":1,"108":2,"114":1,"116":1,"118":1,"123":1,"124":2,"125":2,"126":2,"127":2,"128":2,"129":2,"130":1,"133":2,"134":2,"139":2,"143":1,"144":3,"145":1,"149":1,"150":1,"158":1,"160":1,"161":1,"162":1,"164":1,"166":1,"258":1,"259":1,"271":1,"274":6,"275":6,"277":1,"279":2,"281":1,"283":2,"288":1,"289":1,"291":1,"294":1,"302":1,"305":1,"306":1,"309":1,"310":1,"312":1,"313":1,"314":1,"315":1,"316":1,"317":1,"318":1,"320":1,"321":1,"323":1}},"/home/travis/build/npmtest/node-npmtest-npm_lazy/node_modules/npm_lazy/server.js":{"path":"/home/travis/build/npmtest/node-npmtest-npm_lazy/node_modules/npm_lazy/server.js","s":{"1":1,"2":1,"3":0,"4":0,"5":0,"6":0,"7":0,"8":0,"9":0,"10":0,"11":0,"12":0,"13":0,"14":0,"15":0,"16":0,"17":0,"18":0,"19":0,"20":0,"21":0,"22":0,"23":0,"24":0,"25":0,"26":0,"27":0,"28":0,"29":0,"30":0,"31":0,"32":0,"33":0,"34":0,"35":1,"36":0,"37":1},"b":{"1":[0,0],"2":[0,0],"3":[0,0],"4":[0,0,0],"5":[0,0],"6":[0,0],"7":[0,0],"8":[0,0],"9":[0,0],"10":[0,0],"11":[0,0],"12":[0,0],"13":[0,0],"14":[0,1]},"f":{"1":0,"2":0,"3":0},"fnMap":{"1":{"name":"start","line":12,"loc":{"start":{"line":12,"column":0},"end":{"line":12,"column":23}}},"2":{"name":"(anonymous_2)","line":69,"loc":{"start":{"line":69,"column":23},"end":{"line":69,"column":42}}},"3":{"name":"(anonymous_3)","line":83,"loc":{"start":{"line":83,"column":36},"end":{"line":83,"column":52}}}},"statementMap":{"1":{"start":{"line":1,"column":0},"end":{"line":10,"column":44}},"2":{"start":{"line":12,"column":0},"end":{"line":97,"column":1}},"3":{"start":{"line":13,"column":2},"end":{"line":13,"column":35}},"4":{"start":{"line":15,"column":2},"end":{"line":19,"column":3}},"5":{"start":{"line":16,"column":4},"end":{"line":16,"column":21}},"6":{"start":{"line":18,"column":4},"end":{"line":18,"column":22}},"7":{"start":{"line":21,"column":2},"end":{"line":23,"column":3}},"8":{"start":{"line":22,"column":4},"end":{"line":22,"column":82}},"9":{"start":{"line":26,"column":2},"end":{"line":31,"column":3}},"10":{"start":{"line":27,"column":4},"end":{"line":30,"column":6}},"11":{"start":{"line":33,"column":2},"end":{"line":45,"column":3}},"12":{"start":{"line":34,"column":4},"end":{"line":37,"column":5}},"13":{"start":{"line":36,"column":8},"end":{"line":36,"column":47}},"14":{"start":{"line":39,"column":4},"end":{"line":41,"column":5}},"15":{"start":{"line":40,"column":6},"end":{"line":40,"column":55}},"16":{"start":{"line":42,"column":4},"end":{"line":44,"column":5}},"17":{"start":{"line":43,"column":6},"end":{"line":43,"column":57}},"18":{"start":{"line":47,"column":2},"end":{"line":55,"column":5}},"19":{"start":{"line":57,"column":2},"end":{"line":62,"column":4}},"20":{"start":{"line":64,"column":2},"end":{"line":64,"column":35}},"21":{"start":{"line":65,"column":2},"end":{"line":65,"column":31}},"22":{"start":{"line":67,"column":2},"end":{"line":67,"column":35}},"23":{"start":{"line":69,"column":2},"end":{"line":77,"column":38}},"24":{"start":{"line":70,"column":4},"end":{"line":72,"column":5}},"25":{"start":{"line":71,"column":6},"end":{"line":71,"column":82}},"26":{"start":{"line":73,"column":4},"end":{"line":76,"column":5}},"27":{"start":{"line":74,"column":6},"end":{"line":74,"column":43}},"28":{"start":{"line":75,"column":6},"end":{"line":75,"column":30}},"29":{"start":{"line":79,"column":2},"end":{"line":79,"column":60}},"30":{"start":{"line":80,"column":2},"end":{"line":80,"column":79}},"31":{"start":{"line":83,"column":2},"end":{"line":88,"column":5}},"32":{"start":{"line":84,"column":4},"end":{"line":84,"column":35}},"33":{"start":{"line":85,"column":4},"end":{"line":87,"column":5}},"34":{"start":{"line":86,"column":6},"end":{"line":86,"column":120}},"35":{"start":{"line":104,"column":0},"end":{"line":106,"column":1}},"36":{"start":{"line":105,"column":2},"end":{"line":105,"column":32}},"37":{"start":{"line":108,"column":0},"end":{"line":108,"column":23}}},"branchMap":{"1":{"line":15,"type":"if","locations":[{"start":{"line":15,"column":2},"end":{"line":15,"column":2}},{"start":{"line":15,"column":2},"end":{"line":15,"column":2}}]},"2":{"line":21,"type":"if","locations":[{"start":{"line":21,"column":2},"end":{"line":21,"column":2}},{"start":{"line":21,"column":2},"end":{"line":21,"column":2}}]},"3":{"line":26,"type":"if","locations":[{"start":{"line":26,"column":2},"end":{"line":26,"column":2}},{"start":{"line":26,"column":2},"end":{"line":26,"column":2}}]},"4":{"line":26,"type":"binary-expr","locations":[{"start":{"line":26,"column":6},"end":{"line":26,"column":19}},{"start":{"line":26,"column":23},"end":{"line":26,"column":41}},{"start":{"line":26,"column":45},"end":{"line":26,"column":64}}]},"5":{"line":28,"type":"cond-expr","locations":[{"start":{"line":28,"column":38},"end":{"line":28,"column":60}},{"start":{"line":28,"column":63},"end":{"line":28,"column":80}}]},"6":{"line":29,"type":"cond-expr","locations":[{"start":{"line":29,"column":40},"end":{"line":29,"column":63}},{"start":{"line":29,"column":66},"end":{"line":29,"column":84}}]},"7":{"line":33,"type":"if","locations":[{"start":{"line":33,"column":2},"end":{"line":33,"column":2}},{"start":{"line":33,"column":2},"end":{"line":33,"column":2}}]},"8":{"line":34,"type":"if","locations":[{"start":{"line":34,"column":4},"end":{"line":34,"column":4}},{"start":{"line":34,"column":4},"end":{"line":34,"column":4}}]},"9":{"line":39,"type":"if","locations":[{"start":{"line":39,"column":4},"end":{"line":39,"column":4}},{"start":{"line":39,"column":4},"end":{"line":39,"column":4}}]},"10":{"line":42,"type":"if","locations":[{"start":{"line":42,"column":4},"end":{"line":42,"column":4}},{"start":{"line":42,"column":4},"end":{"line":42,"column":4}}]},"11":{"line":70,"type":"if","locations":[{"start":{"line":70,"column":4},"end":{"line":70,"column":4}},{"start":{"line":70,"column":4},"end":{"line":70,"column":4}}]},"12":{"line":73,"type":"if","locations":[{"start":{"line":73,"column":4},"end":{"line":73,"column":4}},{"start":{"line":73,"column":4},"end":{"line":73,"column":4}}]},"13":{"line":85,"type":"if","locations":[{"start":{"line":85,"column":4},"end":{"line":85,"column":4}},{"start":{"line":85,"column":4},"end":{"line":85,"column":4}}]},"14":{"line":104,"type":"if","locations":[{"start":{"line":104,"column":0},"end":{"line":104,"column":0}},{"start":{"line":104,"column":0},"end":{"line":104,"column":0}}]}},"code":["var http = require('http'),","    path = require('path'),","    fs = require('fs'),","    url = require('url'),","    log = require('minilog')('app'),","","    api = require('./lib/api.js'),","    Cache = require('./lib/cache.js'),","    Package = require('./lib/package.js'),","    Resource = require('./lib/resource.js');","","function start(config) {","  var minilog = require('minilog');","","  if (config.loggingOpts.logToConsole) {","    minilog.enable();","  } else {","    minilog.disable();","  }","","  if (config.loggingOpts.logToFile) {","    minilog.pipe(fs.createWriteStream(config.loggingOpts.filename, {flags: 'w'}));","  }","","  // parse proxy config, see https://wiki.archlinux.org/index.php/proxy_settings for an example","  if (!config.proxy || !config.proxy.http || !config.proxy.https) {","    config.proxy = {","      http: (process.env.http_proxy ? process.env.http_proxy : config.proxy.http),","      https: (process.env.https_proxy ? process.env.https_proxy : config.proxy.https)","    };","  }","","  if (config.proxy.http) {","    if (!config.proxy.https) {","        // fall back to assuming that both http and https use the same proxy","        config.proxy.https = config.proxy.http;","    }","    // parse","    if (typeof config.proxy.http === 'string') {","      config.proxy.http = url.parse(config.proxy.http);","    }","    if (typeof config.proxy.https === 'string') {","      config.proxy.https = url.parse(config.proxy.https);","    }","  }","","  Resource.configure({","    cache: new Cache({ path: config.cacheDirectory }),","    logger: log,","    cacheAge: config.cacheAge,","    maxRetries: config.maxRetries,","    timeout: config.httpTimeout,","    rejectUnauthorized: config.rejectUnauthorized,","    proxy: config.proxy","  });","","  var packageConfig = {","    logger: log,","    externalUrl: config.externalUrl,","    remoteUrl: config.remoteUrl,","    rejectUnauthorized: config.rejectUnauthorized","  };","","  Package.configure(packageConfig);","  api.configure(packageConfig);","","  var server = http.createServer();","","  server.on('request', function(req, res) {","    if (config.loggingOpts.logRequesterIP) {","      log.info(\"Request from ip: \"+req.connection.remoteAddress+ \" for \"+req.url);","    }","    if (!api.route(req, res)) {","      log.error('No route found', req.url);","      Package.proxy(req, res);","    }","  }).listen(config.port, config.host);","","  log.info('npm_lazy at', config.host, 'port', config.port);","  log.info('npm_lazy cache directory:', path.normalize(config.cacheDirectory));","","  // log the proxy config","  Object.keys(config.proxy).forEach(function(proto) {","    var conf = config.proxy[proto];","    if (conf) {","      log.info('Using ' + conf.protocol + '//' + conf.hostname + ':' + conf.port + ' to proxy ' + proto + ' requests.');","    }","  });","","  /*","  Resource.get('http://www.lagado.com/proxy-test')._fetchTask(function(err, res) {","    if(res) {","      res.pipe(process.stdout);","    }","  });","  */","}","","","// if this module is the script being run, then load the default config and run","// makes it possible to call `node server.js` and have it work like before.","// Alternatively, you can require server.js and then call the start function with a","// custom config like we do in ./bin/npm_lazy","if (module == require.main) {","  start(require('./config.js'));","}","","module.exports = start;",""],"l":{"1":1,"12":1,"13":0,"15":0,"16":0,"18":0,"21":0,"22":0,"26":0,"27":0,"33":0,"34":0,"36":0,"39":0,"40":0,"42":0,"43":0,"47":0,"57":0,"64":0,"65":0,"67":0,"69":0,"70":0,"71":0,"73":0,"74":0,"75":0,"79":0,"80":0,"83":0,"84":0,"85":0,"86":0,"104":1,"105":0,"108":1}},"/home/travis/build/npmtest/node-npmtest-npm_lazy/node_modules/npm_lazy/lib/api.js":{"path":"/home/travis/build/npmtest/node-npmtest-npm_lazy/node_modules/npm_lazy/lib/api.js","s":{"1":1,"2":1,"3":1,"4":0,"5":0,"6":0,"7":0,"8":1,"9":0,"10":0,"11":0,"12":0,"13":0,"14":0,"15":0,"16":0,"17":0,"18":0,"19":0,"20":0,"21":0,"22":1,"23":0,"24":0,"25":1,"26":0,"27":0,"28":1,"29":0,"30":0,"31":0,"32":0,"33":0,"34":0,"35":0,"36":0,"37":0,"38":0,"39":0,"40":0,"41":0,"42":0,"43":1,"44":1,"45":1,"46":0,"47":0,"48":0,"49":0,"50":0,"51":0,"52":0,"53":0,"54":0,"55":0,"56":0,"57":0,"58":1},"b":{"1":[0,0],"2":[0,0],"3":[0,0],"4":[0,0],"5":[0,0],"6":[0,0],"7":[0,0],"8":[0,0],"9":[0,0],"10":[0,0],"11":[0,0],"12":[0,0],"13":[0,0],"14":[0,0]},"f":{"1":0,"2":0,"3":0,"4":0,"5":0,"6":0,"7":0,"8":0,"9":0},"fnMap":{"1":{"name":"(anonymous_1)","line":15,"loc":{"start":{"line":15,"column":16},"end":{"line":15,"column":33}}},"2":{"name":"(anonymous_2)","line":25,"loc":{"start":{"line":25,"column":34},"end":{"line":25,"column":60}}},"3":{"name":"(anonymous_3)","line":29,"loc":{"start":{"line":29,"column":31},"end":{"line":29,"column":61}}},"4":{"name":"(anonymous_4)","line":50,"loc":{"start":{"line":50,"column":55},"end":{"line":50,"column":81}}},"5":{"name":"(anonymous_5)","line":58,"loc":{"start":{"line":58,"column":42},"end":{"line":58,"column":68}}},"6":{"name":"downloadTar","line":65,"loc":{"start":{"line":65,"column":0},"end":{"line":65,"column":36}}},"7":{"name":"(anonymous_7)","line":71,"loc":{"start":{"line":71,"column":27},"end":{"line":71,"column":57}}},"8":{"name":"(anonymous_8)","line":96,"loc":{"start":{"line":96,"column":42},"end":{"line":96,"column":68}}},"9":{"name":"(anonymous_9)","line":101,"loc":{"start":{"line":101,"column":36},"end":{"line":101,"column":66}}}},"statementMap":{"1":{"start":{"line":1,"column":0},"end":{"line":11,"column":21}},"2":{"start":{"line":13,"column":0},"end":{"line":13,"column":23}},"3":{"start":{"line":15,"column":0},"end":{"line":22,"column":2}},"4":{"start":{"line":16,"column":2},"end":{"line":18,"column":3}},"5":{"start":{"line":17,"column":4},"end":{"line":17,"column":33}},"6":{"start":{"line":19,"column":2},"end":{"line":21,"column":3}},"7":{"start":{"line":20,"column":4},"end":{"line":20,"column":27}},"8":{"start":{"line":25,"column":0},"end":{"line":46,"column":3}},"9":{"start":{"line":26,"column":2},"end":{"line":26,"column":22}},"10":{"start":{"line":27,"column":2},"end":{"line":27,"column":39}},"11":{"start":{"line":29,"column":2},"end":{"line":45,"column":5}},"12":{"start":{"line":30,"column":4},"end":{"line":38,"column":5}},"13":{"start":{"line":31,"column":6},"end":{"line":31,"column":45}},"14":{"start":{"line":32,"column":6},"end":{"line":32,"column":60}},"15":{"start":{"line":33,"column":6},"end":{"line":35,"column":7}},"16":{"start":{"line":34,"column":8},"end":{"line":34,"column":31}},"17":{"start":{"line":36,"column":6},"end":{"line":36,"column":16}},"18":{"start":{"line":37,"column":6},"end":{"line":37,"column":13}},"19":{"start":{"line":40,"column":4},"end":{"line":42,"column":5}},"20":{"start":{"line":41,"column":6},"end":{"line":41,"column":13}},"21":{"start":{"line":44,"column":4},"end":{"line":44,"column":38}},"22":{"start":{"line":50,"column":0},"end":{"line":56,"column":3}},"23":{"start":{"line":51,"column":2},"end":{"line":54,"column":56}},"24":{"start":{"line":55,"column":2},"end":{"line":55,"column":36}},"25":{"start":{"line":58,"column":0},"end":{"line":63,"column":3}},"26":{"start":{"line":59,"column":2},"end":{"line":61,"column":44}},"27":{"start":{"line":62,"column":2},"end":{"line":62,"column":36}},"28":{"start":{"line":65,"column":0},"end":{"line":89,"column":1}},"29":{"start":{"line":67,"column":2},"end":{"line":67,"column":31}},"30":{"start":{"line":68,"column":2},"end":{"line":68,"column":39}},"31":{"start":{"line":70,"column":2},"end":{"line":88,"column":13}},"32":{"start":{"line":72,"column":12},"end":{"line":80,"column":13}},"33":{"start":{"line":73,"column":14},"end":{"line":73,"column":53}},"34":{"start":{"line":74,"column":14},"end":{"line":74,"column":68}},"35":{"start":{"line":75,"column":14},"end":{"line":77,"column":15}},"36":{"start":{"line":76,"column":16},"end":{"line":76,"column":39}},"37":{"start":{"line":78,"column":14},"end":{"line":78,"column":24}},"38":{"start":{"line":79,"column":14},"end":{"line":79,"column":21}},"39":{"start":{"line":82,"column":12},"end":{"line":84,"column":13}},"40":{"start":{"line":83,"column":14},"end":{"line":83,"column":21}},"41":{"start":{"line":86,"column":12},"end":{"line":86,"column":70}},"42":{"start":{"line":87,"column":12},"end":{"line":87,"column":52}},"43":{"start":{"line":92,"column":0},"end":{"line":92,"column":48}},"44":{"start":{"line":93,"column":0},"end":{"line":93,"column":52}},"45":{"start":{"line":96,"column":0},"end":{"line":118,"column":3}},"46":{"start":{"line":97,"column":2},"end":{"line":99,"column":18}},"47":{"start":{"line":101,"column":2},"end":{"line":117,"column":5}},"48":{"start":{"line":102,"column":4},"end":{"line":110,"column":5}},"49":{"start":{"line":103,"column":6},"end":{"line":103,"column":45}},"50":{"start":{"line":104,"column":6},"end":{"line":104,"column":60}},"51":{"start":{"line":105,"column":6},"end":{"line":107,"column":7}},"52":{"start":{"line":106,"column":8},"end":{"line":106,"column":31}},"53":{"start":{"line":108,"column":6},"end":{"line":108,"column":16}},"54":{"start":{"line":109,"column":6},"end":{"line":109,"column":13}},"55":{"start":{"line":112,"column":4},"end":{"line":114,"column":5}},"56":{"start":{"line":113,"column":6},"end":{"line":113,"column":13}},"57":{"start":{"line":116,"column":4},"end":{"line":116,"column":38}},"58":{"start":{"line":122,"column":0},"end":{"line":122,"column":21}}},"branchMap":{"1":{"line":16,"type":"if","locations":[{"start":{"line":16,"column":2},"end":{"line":16,"column":2}},{"start":{"line":16,"column":2},"end":{"line":16,"column":2}}]},"2":{"line":19,"type":"if","locations":[{"start":{"line":19,"column":2},"end":{"line":19,"column":2}},{"start":{"line":19,"column":2},"end":{"line":19,"column":2}}]},"3":{"line":30,"type":"if","locations":[{"start":{"line":30,"column":4},"end":{"line":30,"column":4}},{"start":{"line":30,"column":4},"end":{"line":30,"column":4}}]},"4":{"line":31,"type":"binary-expr","locations":[{"start":{"line":31,"column":23},"end":{"line":31,"column":37}},{"start":{"line":31,"column":41},"end":{"line":31,"column":44}}]},"5":{"line":33,"type":"if","locations":[{"start":{"line":33,"column":6},"end":{"line":33,"column":6}},{"start":{"line":33,"column":6},"end":{"line":33,"column":6}}]},"6":{"line":40,"type":"if","locations":[{"start":{"line":40,"column":4},"end":{"line":40,"column":4}},{"start":{"line":40,"column":4},"end":{"line":40,"column":4}}]},"7":{"line":72,"type":"if","locations":[{"start":{"line":72,"column":12},"end":{"line":72,"column":12}},{"start":{"line":72,"column":12},"end":{"line":72,"column":12}}]},"8":{"line":73,"type":"binary-expr","locations":[{"start":{"line":73,"column":31},"end":{"line":73,"column":45}},{"start":{"line":73,"column":49},"end":{"line":73,"column":52}}]},"9":{"line":75,"type":"if","locations":[{"start":{"line":75,"column":14},"end":{"line":75,"column":14}},{"start":{"line":75,"column":14},"end":{"line":75,"column":14}}]},"10":{"line":82,"type":"if","locations":[{"start":{"line":82,"column":12},"end":{"line":82,"column":12}},{"start":{"line":82,"column":12},"end":{"line":82,"column":12}}]},"11":{"line":102,"type":"if","locations":[{"start":{"line":102,"column":4},"end":{"line":102,"column":4}},{"start":{"line":102,"column":4},"end":{"line":102,"column":4}}]},"12":{"line":103,"type":"binary-expr","locations":[{"start":{"line":103,"column":23},"end":{"line":103,"column":37}},{"start":{"line":103,"column":41},"end":{"line":103,"column":44}}]},"13":{"line":105,"type":"if","locations":[{"start":{"line":105,"column":6},"end":{"line":105,"column":6}},{"start":{"line":105,"column":6},"end":{"line":105,"column":6}}]},"14":{"line":112,"type":"if","locations":[{"start":{"line":112,"column":4},"end":{"line":112,"column":4}},{"start":{"line":112,"column":4},"end":{"line":112,"column":4}}]}},"code":["var fs = require('fs'),","    url = require('url'),","","    Router = require('mixu_minimal').Router,","","    Package = require('./package.js'),","    Resource = require('./resource.js'),","    ETag = require('./etag.js'),","","    remoteUrl = 'https://registry.npmjs.com/',","    logger = console;","","var api = new Router();","","api.configure = function(config) {","  if (typeof config.remoteUrl !== 'undefined') {","    remoteUrl = config.remoteUrl;","  }","  if (typeof config.logger !== 'undefined') {","    logger = config.logger;","  }","};","","// GET /package","api.get(new RegExp('^/([^/]+)$'), function(req, res, match) {","  var name = match[1];","  var auth = req.headers.authorization;","","  Package.getIndex(name, auth, function(err, fullpath, etag) {","    if (err) {","      res.statusCode = err.statusCode || 500;","      logger.error('[' + res.statusCode + '] Error: ', err);","      if (err.content) {","        res.write(err.content);","      }","      res.end();","      return;","    }","","    if (ETag.handle304(req, res, etag)) {","      return;","    }","","    res.end(JSON.stringify(fullpath));","  });","});","","// GET /package/download/package-version.tgz","// GET /package/-/package-version.tgz","api.get(new RegExp('^/([^/]+)/(-|download)/([^/]+)$'), function(req, res, match) {","  var name = match[1],","      name2 = match[2],","      file = match[3],","      uri = remoteUrl + name + '/' + name2 + '/' + file;","  return downloadTar(req, res, uri);","});","// GET /@scope/package/-/package-version.tgz","api.get(new RegExp('^/(@.+)/-/([^/]+)$'), function(req, res, match) {","  var name = match[1],","      file = match[2],","      uri = remoteUrl + name + '/-/' + file;","  return downloadTar(req, res, uri);","});","","function downloadTar(req, res, uri) {","  // direct cache access - this is a file get, not a metadata get","  logger.log('cache get', uri);","  var auth = req.headers.authorization;","","  Resource.get(uri, auth)","          .getReadablePath(function(err, fullpath, etag) {","            if (err) {","              res.statusCode = err.statusCode || 500;","              logger.error('[' + res.statusCode + '] Error: ', err);","              if (err.content) {","                res.write(err.content);","              }","              res.end();","              return;","            }","","            if (ETag.handle304(req, res, etag)) {","              return;","            }","","            res.setHeader('Content-type', 'application/octet-stream');","            fs.createReadStream(fullpath).pipe(res);","          });","}","","// /-/ or /package/-/ are special","api.get(new RegExp('^/-/(.+)$'), Package.proxy);","api.get(new RegExp('^/(.+)/-(.*)$'), Package.proxy);","","// GET /package/version","api.get(new RegExp('^/([^/]+)/([^/]+)$'), function(req, res, match) {","  var name = match[1],","      version = match[2],","      self = this;","","  Package.getVersion(name, version, function(err, fullpath, etag) {","    if (err) {","      res.statusCode = err.statusCode || 500;","      logger.error('[' + res.statusCode + '] Error: ', err);","      if (err.content) {","        res.write(err.content);","      }","      res.end();","      return;","    }","","    if (ETag.handle304(req, res, etag)) {","      return;","    }","","    res.end(JSON.stringify(fullpath));","  });","});","","","","module.exports = api;",""],"l":{"1":1,"13":1,"15":1,"16":0,"17":0,"19":0,"20":0,"25":1,"26":0,"27":0,"29":0,"30":0,"31":0,"32":0,"33":0,"34":0,"36":0,"37":0,"40":0,"41":0,"44":0,"50":1,"51":0,"55":0,"58":1,"59":0,"62":0,"65":1,"67":0,"68":0,"70":0,"72":0,"73":0,"74":0,"75":0,"76":0,"78":0,"79":0,"82":0,"83":0,"86":0,"87":0,"92":1,"93":1,"96":1,"97":0,"101":0,"102":0,"103":0,"104":0,"105":0,"106":0,"108":0,"109":0,"112":0,"113":0,"116":0,"122":1}},"/home/travis/build/npmtest/node-npmtest-npm_lazy/node_modules/npm_lazy/lib/package.js":{"path":"/home/travis/build/npmtest/node-npmtest-npm_lazy/node_modules/npm_lazy/lib/package.js","s":{"1":1,"2":1,"3":1,"4":1,"5":0,"6":0,"7":0,"8":0,"9":0,"10":0,"11":0,"12":0,"13":0,"14":1,"15":0,"16":0,"17":0,"18":0,"19":0,"20":0,"21":0,"22":0,"23":0,"24":0,"25":0,"26":0,"27":0,"28":0,"29":0,"30":0,"31":1,"32":0,"33":0,"34":0,"35":0,"36":0,"37":0,"38":0,"39":0,"40":0,"41":0,"42":0,"43":1,"44":0,"45":0,"46":0,"47":0,"48":0,"49":0,"50":0,"51":0,"52":0,"53":0,"54":0,"55":0,"56":0,"57":0,"58":0,"59":0,"60":1,"61":0,"62":0,"63":0,"64":0,"65":0,"66":0,"67":0,"68":0,"69":0,"70":1},"b":{"1":[0,0],"2":[0,0],"3":[0,0],"4":[0,0],"5":[0,0],"6":[0,0],"7":[0,0],"8":[0,0],"9":[0,0],"10":[0,0],"11":[0,0],"12":[0,0],"13":[0,0],"14":[0,0],"15":[0,0],"16":[0,0],"17":[0,0],"18":[0,0],"19":[0,0]},"f":{"1":0,"2":0,"3":0,"4":0,"5":0,"6":0,"7":0,"8":0,"9":0,"10":0,"11":0,"12":0,"13":0,"14":0,"15":0,"16":0},"fnMap":{"1":{"name":"Package","line":16,"loc":{"start":{"line":16,"column":0},"end":{"line":16,"column":19}}},"2":{"name":"(anonymous_2)","line":18,"loc":{"start":{"line":18,"column":20},"end":{"line":18,"column":35}}},"3":{"name":"(anonymous_3)","line":35,"loc":{"start":{"line":35,"column":16},"end":{"line":35,"column":44}}},"4":{"name":"(anonymous_4)","line":57,"loc":{"start":{"line":57,"column":62},"end":{"line":57,"column":77}}},"5":{"name":"(anonymous_5)","line":59,"loc":{"start":{"line":59,"column":38},"end":{"line":59,"column":52}}},"6":{"name":"(anonymous_6)","line":68,"loc":{"start":{"line":68,"column":35},"end":{"line":68,"column":47}}},"7":{"name":"(anonymous_7)","line":78,"loc":{"start":{"line":78,"column":19},"end":{"line":78,"column":49}}},"8":{"name":"(anonymous_8)","line":83,"loc":{"start":{"line":83,"column":22},"end":{"line":83,"column":50}}},"9":{"name":"(anonymous_9)","line":87,"loc":{"start":{"line":87,"column":23},"end":{"line":87,"column":34}}},"10":{"name":"(anonymous_10)","line":91,"loc":{"start":{"line":91,"column":20},"end":{"line":91,"column":46}}},"11":{"name":"(anonymous_11)","line":103,"loc":{"start":{"line":103,"column":21},"end":{"line":103,"column":54}}},"12":{"name":"(anonymous_12)","line":108,"loc":{"start":{"line":108,"column":22},"end":{"line":108,"column":33}}},"13":{"name":"(anonymous_13)","line":112,"loc":{"start":{"line":112,"column":23},"end":{"line":112,"column":34}}},"14":{"name":"(anonymous_14)","line":117,"loc":{"start":{"line":117,"column":20},"end":{"line":117,"column":50}}},"15":{"name":"(anonymous_15)","line":140,"loc":{"start":{"line":140,"column":27},"end":{"line":140,"column":42}}},"16":{"name":"(anonymous_16)","line":147,"loc":{"start":{"line":147,"column":39},"end":{"line":147,"column":57}}}},"statementMap":{"1":{"start":{"line":1,"column":0},"end":{"line":7,"column":40}},"2":{"start":{"line":10,"column":0},"end":{"line":14,"column":21}},"3":{"start":{"line":16,"column":0},"end":{"line":16,"column":22}},"4":{"start":{"line":18,"column":0},"end":{"line":32,"column":2}},"5":{"start":{"line":19,"column":2},"end":{"line":21,"column":3}},"6":{"start":{"line":20,"column":4},"end":{"line":20,"column":35}},"7":{"start":{"line":22,"column":2},"end":{"line":25,"column":3}},"8":{"start":{"line":23,"column":4},"end":{"line":23,"column":31}},"9":{"start":{"line":24,"column":4},"end":{"line":24,"column":64}},"10":{"start":{"line":26,"column":2},"end":{"line":28,"column":3}},"11":{"start":{"line":27,"column":4},"end":{"line":27,"column":49}},"12":{"start":{"line":29,"column":2},"end":{"line":31,"column":3}},"13":{"start":{"line":30,"column":4},"end":{"line":30,"column":25}},"14":{"start":{"line":35,"column":0},"end":{"line":76,"column":2}},"15":{"start":{"line":39,"column":2},"end":{"line":46,"column":8}},"16":{"start":{"line":47,"column":2},"end":{"line":47,"column":34}},"17":{"start":{"line":49,"column":2},"end":{"line":52,"column":3}},"18":{"start":{"line":50,"column":4},"end":{"line":50,"column":36}},"19":{"start":{"line":51,"column":4},"end":{"line":51,"column":39}},"20":{"start":{"line":54,"column":2},"end":{"line":54,"column":36}},"21":{"start":{"line":55,"column":2},"end":{"line":55,"column":88}},"22":{"start":{"line":57,"column":2},"end":{"line":66,"column":5}},"23":{"start":{"line":59,"column":4},"end":{"line":61,"column":7}},"24":{"start":{"line":60,"column":6},"end":{"line":60,"column":44}},"25":{"start":{"line":63,"column":4},"end":{"line":63,"column":35}},"26":{"start":{"line":65,"column":4},"end":{"line":65,"column":19}},"27":{"start":{"line":68,"column":2},"end":{"line":72,"column":5}},"28":{"start":{"line":69,"column":4},"end":{"line":69,"column":56}},"29":{"start":{"line":70,"column":4},"end":{"line":70,"column":25}},"30":{"start":{"line":71,"column":4},"end":{"line":71,"column":18}},"31":{"start":{"line":78,"column":0},"end":{"line":101,"column":2}},"32":{"start":{"line":80,"column":2},"end":{"line":81,"column":34}},"33":{"start":{"line":83,"column":2},"end":{"line":85,"column":5}},"34":{"start":{"line":84,"column":4},"end":{"line":84,"column":74}},"35":{"start":{"line":87,"column":2},"end":{"line":89,"column":5}},"36":{"start":{"line":88,"column":4},"end":{"line":88,"column":56}},"37":{"start":{"line":91,"column":2},"end":{"line":100,"column":5}},"38":{"start":{"line":92,"column":4},"end":{"line":94,"column":5}},"39":{"start":{"line":93,"column":6},"end":{"line":93,"column":25}},"40":{"start":{"line":96,"column":4},"end":{"line":96,"column":40}},"41":{"start":{"line":97,"column":4},"end":{"line":97,"column":41}},"42":{"start":{"line":99,"column":4},"end":{"line":99,"column":90}},"43":{"start":{"line":103,"column":0},"end":{"line":138,"column":2}},"44":{"start":{"line":105,"column":2},"end":{"line":106,"column":28}},"45":{"start":{"line":108,"column":2},"end":{"line":110,"column":5}},"46":{"start":{"line":109,"column":4},"end":{"line":109,"column":39}},"47":{"start":{"line":112,"column":2},"end":{"line":114,"column":5}},"48":{"start":{"line":113,"column":4},"end":{"line":113,"column":56}},"49":{"start":{"line":117,"column":2},"end":{"line":137,"column":5}},"50":{"start":{"line":118,"column":4},"end":{"line":120,"column":5}},"51":{"start":{"line":119,"column":6},"end":{"line":119,"column":25}},"52":{"start":{"line":122,"column":4},"end":{"line":122,"column":40}},"53":{"start":{"line":123,"column":4},"end":{"line":123,"column":41}},"54":{"start":{"line":127,"column":4},"end":{"line":127,"column":52}},"55":{"start":{"line":130,"column":4},"end":{"line":132,"column":5}},"56":{"start":{"line":131,"column":6},"end":{"line":131,"column":42}},"57":{"start":{"line":133,"column":4},"end":{"line":135,"column":5}},"58":{"start":{"line":134,"column":6},"end":{"line":134,"column":86}},"59":{"start":{"line":136,"column":4},"end":{"line":136,"column":81}},"60":{"start":{"line":140,"column":0},"end":{"line":157,"column":2}},"61":{"start":{"line":141,"column":2},"end":{"line":143,"column":3}},"62":{"start":{"line":142,"column":4},"end":{"line":142,"column":16}},"63":{"start":{"line":145,"column":2},"end":{"line":150,"column":3}},"64":{"start":{"line":147,"column":4},"end":{"line":149,"column":7}},"65":{"start":{"line":148,"column":6},"end":{"line":148,"column":80}},"66":{"start":{"line":152,"column":2},"end":{"line":155,"column":3}},"67":{"start":{"line":153,"column":4},"end":{"line":153,"column":45}},"68":{"start":{"line":154,"column":4},"end":{"line":154,"column":53}},"69":{"start":{"line":156,"column":2},"end":{"line":156,"column":14}},"70":{"start":{"line":159,"column":0},"end":{"line":159,"column":25}}},"branchMap":{"1":{"line":19,"type":"if","locations":[{"start":{"line":19,"column":2},"end":{"line":19,"column":2}},{"start":{"line":19,"column":2},"end":{"line":19,"column":2}}]},"2":{"line":22,"type":"if","locations":[{"start":{"line":22,"column":2},"end":{"line":22,"column":2}},{"start":{"line":22,"column":2},"end":{"line":22,"column":2}}]},"3":{"line":26,"type":"if","locations":[{"start":{"line":26,"column":2},"end":{"line":26,"column":2}},{"start":{"line":26,"column":2},"end":{"line":26,"column":2}}]},"4":{"line":29,"type":"if","locations":[{"start":{"line":29,"column":2},"end":{"line":29,"column":2}},{"start":{"line":29,"column":2},"end":{"line":29,"column":2}}]},"5":{"line":42,"type":"cond-expr","locations":[{"start":{"line":42,"column":39},"end":{"line":42,"column":50}},{"start":{"line":42,"column":54},"end":{"line":42,"column":78}}]},"6":{"line":42,"type":"cond-expr","locations":[{"start":{"line":42,"column":70},"end":{"line":42,"column":73}},{"start":{"line":42,"column":76},"end":{"line":42,"column":78}}]},"7":{"line":49,"type":"if","locations":[{"start":{"line":49,"column":2},"end":{"line":49,"column":2}},{"start":{"line":49,"column":2},"end":{"line":49,"column":2}}]},"8":{"line":49,"type":"binary-expr","locations":[{"start":{"line":49,"column":6},"end":{"line":49,"column":25}},{"start":{"line":49,"column":29},"end":{"line":49,"column":56}}]},"9":{"line":54,"type":"binary-expr","locations":[{"start":{"line":54,"column":12},"end":{"line":54,"column":19}},{"start":{"line":54,"column":23},"end":{"line":54,"column":35}}]},"10":{"line":57,"type":"cond-expr","locations":[{"start":{"line":57,"column":34},"end":{"line":57,"column":39}},{"start":{"
[...]
,"end":{"line":9,"column":3}},"5":{"start":{"line":7,"column":4},"end":{"line":8,"column":65}},"6":{"start":{"line":12,"column":2},"end":{"line":17,"column":5}},"7":{"start":{"line":13,"column":4},"end":{"line":13,"column":38}},"8":{"start":{"line":14,"column":4},"end":{"line":16,"column":5}},"9":{"start":{"line":15,"column":6},"end":{"line":15,"column":34}},"10":{"start":{"line":18,"column":2},"end":{"line":18,"column":18}},"11":{"start":{"line":21,"column":0},"end":{"line":38,"column":2}},"12":{"start":{"line":23,"column":2},"end":{"line":23,"column":33}},"13":{"start":{"line":24,"column":2},"end":{"line":26,"column":22}},"14":{"start":{"line":27,"column":2},"end":{"line":37,"column":5}},"15":{"start":{"line":28,"column":4},"end":{"line":28,"column":25}},"16":{"start":{"line":28,"column":18},"end":{"line":28,"column":25}},"17":{"start":{"line":29,"column":4},"end":{"line":29,"column":29}},"18":{"start":{"line":31,"column":4},"end":{"line":31,"column":25}},"19":{"start":{"line":31,"column":18},"end":{"line":31,"column":25}},"20":{"start":{"line":32,"column":4},"end":{"line":32,"column":20}},"21":{"start":{"line":34,"column":4},"end":{"line":34,"column":25}},"22":{"start":{"line":34,"column":18},"end":{"line":34,"column":25}},"23":{"start":{"line":35,"column":4},"end":{"line":35,"column":54}},"24":{"start":{"line":36,"column":4},"end":{"line":36,"column":21}}},"branchMap":{"1":{"line":6,"type":"if","locations":[{"start":{"line":6,"column":2},"end":{"line":6,"column":2}},{"start":{"line":6,"column":2},"end":{"line":6,"column":2}}]},"2":{"line":14,"type":"if","locations":[{"start":{"line":14,"column":4},"end":{"line":14,"column":4}},{"start":{"line":14,"column":4},"end":{"line":14,"column":4}}]},"3":{"line":28,"type":"if","locations":[{"start":{"line":28,"column":4},"end":{"line":28,"column":4}},{"start":{"line":28,"column":4},"end":{"line":28,"column":4}}]},"4":{"line":31,"type":"if","locations":[{"start":{"line":31,"column":4},"end":{"line":31,"column":4}},{"start":{"line":31,"column":4},"end":{"line":31,"column":4}}]},"5":{"line":34,"type":"if","locations":[{"start":{"line":34,"column":4},"end":{"line":34,"column":4}},{"start":{"line":34,"column":4},"end":{"line":34,"column":4}}]}},"code":["var fs = require('fs'),","    path = require('path');","","exports.getSha = function getSha(tarBaseName, json) {","  var expected;","  if (!json.versions) {","    throw new Error('Package index JSON is in unexpected format!' +","      ' A `.versions` keys is required ' + JSON.stringify(json));","  }","","  // search `versions.nnn.dist.tarball` for the right tarball","  Object.keys(json.versions).forEach(function(version) {","    var item = json.versions[version];","    if (path.basename(item.dist.tarball) == tarBaseName) {","      expected = item.dist.shasum;","    }","  });","  return expected;","};","","exports.check = function(filename, cb) {","  // from npm:","  var crypto = require('crypto');","  var h = crypto.createHash('sha1'),","      s = fs.createReadStream(filename),","      errState = null;","  s.on('error', function(er) {","    if (errState) return;","    return cb(errState = er);","  }).on('data', function(chunk) {","    if (errState) return;","    h.update(chunk);","  }).on('end', function() {","    if (errState) return;","    var actual = h.digest('hex').toLowerCase().trim();","    cb(null, actual);","  });","};",""],"l":{"1":1,"4":1,"5":0,"6":0,"7":0,"12":0,"13":0,"14":0,"15":0,"18":0,"21":1,"23":0,"24":0,"27":0,"28":0,"29":0,"31":0,"32":0,"34":0,"35":0,"36":0}},"/home/travis/build/npmtest/node-npmtest-npm_lazy/node_modules/npm_lazy/lib/etag.js":{"path":"/home/travis/build/npmtest/node-npmtest-npm_lazy/node_modules/npm_lazy/lib/etag.js","s":{"1":1,"2":0,"3":0,"4":0,"5":0,"6":0,"7":0,"8":1},"b":{"1":[0,0],"2":[0,0]},"f":{"1":0},"fnMap":{"1":{"name":"(anonymous_1)","line":2,"loc":{"start":{"line":2,"column":13},"end":{"line":2,"column":38}}}},"statementMap":{"1":{"start":{"line":1,"column":0},"end":{"line":12,"column":2}},"2":{"start":{"line":3,"column":4},"end":{"line":10,"column":5}},"3":{"start":{"line":4,"column":6},"end":{"line":8,"column":7}},"4":{"start":{"line":5,"column":8},"end":{"line":5,"column":29}},"5":{"start":{"line":6,"column":8},"end":{"line":6,"column":18}},"6":{"start":{"line":7,"column":8},"end":{"line":7,"column":15}},"7":{"start":{"line":9,"column":6},"end":{"line":9,"column":34}},"8":{"start":{"line":14,"column":0},"end":{"line":14,"column":22}}},"branchMap":{"1":{"line":3,"type":"if","locations":[{"start":{"line":3,"column":4},"end":{"line":3,"column":4}},{"start":{"line":3,"column":4},"end":{"line":3,"column":4}}]},"2":{"line":4,"type":"if","locations":[{"start":{"line":4,"column":6},"end":{"line":4,"column":6}},{"start":{"line":4,"column":6},"end":{"line":4,"column":6}}]}},"code":["var ETag = {","  handle304: function(req, res, etag) {","    if (etag) {","      if (req.headers['if-none-match'] === etag) {","        res.statusCode = 304;","        res.end();","        return;","      }","      res.setHeader('ETag', etag);","    }","  }","};","","module.exports = ETag;",""],"l":{"1":1,"3":0,"4":0,"5":0,"6":0,"7":0,"9":0,"14":1}},"/home/travis/build/npmtest/node-npmtest-npm_lazy/node_modules/npm_lazy/lib/cache.js":{"path":"/home/travis/build/npmtest/node-npmtest-npm_lazy/node_modules/npm_lazy/lib/cache.js","s":{"1":1,"2":1,"3":0,"4":0,"5":0,"6":0,"7":0,"8":0,"9":0,"10":0,"11":0,"12":1,"13":0,"14":0,"15":0,"16":1,"17":0,"18":0,"19":0,"20":0,"21":0,"22":0,"23":0,"24":0,"25":1,"26":0,"27":0,"28":0,"29":0,"30":0,"31":1,"32":0,"33":0,"34":0,"35":0,"36":1,"37":0,"38":0,"39":0,"40":0,"41":0,"42":0,"43":0,"44":0,"45":1,"46":0,"47":0,"48":0,"49":0,"50":1,"51":0,"52":0,"53":0,"54":0,"55":1},"b":{"1":[0,0],"2":[0,0],"3":[0,0],"4":[0,0],"5":[0,0],"6":[0,0],"7":[0,0],"8":[0,0],"9":[0,0],"10":[0,0],"11":[0,0,0,0],"12":[0,0]},"f":{"1":0,"2":0,"3":0,"4":0,"5":0,"6":0,"7":0,"8":0,"9":0,"10":0},"fnMap":{"1":{"name":"Cache","line":6,"loc":{"start":{"line":6,"column":0},"end":{"line":6,"column":21}}},"2":{"name":"(anonymous_2)","line":26,"loc":{"start":{"line":26,"column":23},"end":{"line":26,"column":34}}},"3":{"name":"(anonymous_3)","line":35,"loc":{"start":{"line":35,"column":23},"end":{"line":35,"column":42}}},"4":{"name":"(anonymous_4)","line":41,"loc":{"start":{"line":41,"column":55},"end":{"line":41,"column":74}}},"5":{"name":"(anonymous_5)","line":51,"loc":{"start":{"line":51,"column":24},"end":{"line":51,"column":35}}},"6":{"name":"(anonymous_6)","line":54,"loc":{"start":{"line":54,"column":33},"end":{"line":54,"column":57}}},"7":{"name":"(anonymous_7)","line":61,"loc":{"start":{"line":61,"column":27},"end":{"line":61,"column":38}}},"8":{"name":"(anonymous_8)","line":72,"loc":{"start":{"line":72,"column":27},"end":{"line":72,"column":77}}},"9":{"name":"(anonymous_9)","line":91,"loc":{"start":{"line":91,"column":25},"end":{"line":91,"column":54}}},"10":{"name":"(anonymous_10)","line":119,"loc":{"start":{"line":119,"column":36},"end":{"line":119,"column":58}}}},"statementMap":{"1":{"start":{"line":1,"column":0},"end":{"line":4,"column":31}},"2":{"start":{"line":6,"column":0},"end":{"line":24,"column":1}},"3":{"start":{"line":7,"column":2},"end":{"line":7,"column":19}},"4":{"start":{"line":8,"column":2},"end":{"line":8,"column":19}},"5":{"start":{"line":9,"column":2},"end":{"line":9,"column":24}},"6":{"start":{"line":12,"column":2},"end":{"line":23,"column":3}},"7":{"start":{"line":13,"column":4},"end":{"line":13,"column":45}},"8":{"start":{"line":14,"column":4},"end":{"line":14,"column":77}},"9":{"start":{"line":18,"column":4},"end":{"line":20,"column":5}},"10":{"start":{"line":19,"column":6},"end":{"line":19,"column":34}},"11":{"start":{"line":22,"column":4},"end":{"line":22,"column":47}},"12":{"start":{"line":26,"column":0},"end":{"line":32,"column":2}},"13":{"start":{"line":28,"column":2},"end":{"line":30,"column":3}},"14":{"start":{"line":29,"column":4},"end":{"line":29,"column":32}},"15":{"start":{"line":31,"column":2},"end":{"line":31,"column":70}},"16":{"start":{"line":35,"column":0},"end":{"line":49,"column":2}},"17":{"start":{"line":36,"column":2},"end":{"line":36,"column":18}},"18":{"start":{"line":37,"column":2},"end":{"line":39,"column":3}},"19":{"start":{"line":38,"column":4},"end":{"line":38,"column":11}},"20":{"start":{"line":41,"column":2},"end":{"line":47,"column":5}},"21":{"start":{"line":43,"column":4},"end":{"line":43,"column":67}},"22":{"start":{"line":44,"column":4},"end":{"line":46,"column":5}},"23":{"start":{"line":45,"column":6},"end":{"line":45,"column":27}},"24":{"start":{"line":48,"column":2},"end":{"line":48,"column":29}},"25":{"start":{"line":51,"column":0},"end":{"line":59,"column":2}},"26":{"start":{"line":52,"column":2},"end":{"line":52,"column":18}},"27":{"start":{"line":54,"column":2},"end":{"line":56,"column":5}},"28":{"start":{"line":55,"column":4},"end":{"line":55,"column":29}},"29":{"start":{"line":57,"column":2},"end":{"line":57,"column":17}},"30":{"start":{"line":58,"column":2},"end":{"line":58,"column":14}},"31":{"start":{"line":61,"column":0},"end":{"line":70,"column":2}},"32":{"start":{"line":62,"column":2},"end":{"line":62,"column":16}},"33":{"start":{"line":64,"column":2},"end":{"line":68,"column":37}},"34":{"start":{"line":65,"column":4},"end":{"line":67,"column":6}},"35":{"start":{"line":69,"column":2},"end":{"line":69,"column":19}},"36":{"start":{"line":72,"column":0},"end":{"line":89,"column":2}},"37":{"start":{"line":73,"column":2},"end":{"line":75,"column":3}},"38":{"start":{"line":74,"column":4},"end":{"line":74,"column":56}},"39":{"start":{"line":77,"column":2},"end":{"line":79,"column":3}},"40":{"start":{"line":78,"column":4},"end":{"line":78,"column":46}},"41":{"start":{"line":80,"column":2},"end":{"line":82,"column":3}},"42":{"start":{"line":81,"column":4},"end":{"line":81,"column":41}},"43":{"start":{"line":86,"column":2},"end":{"line":86,"column":82}},"44":{"start":{"line":88,"column":2},"end":{"line":88,"column":14}},"45":{"start":{"line":91,"column":0},"end":{"line":117,"column":2}},"46":{"start":{"line":93,"column":2},"end":{"line":93,"column":38}},"47":{"start":{"line":110,"column":2},"end":{"line":115,"column":3}},"48":{"start":{"line":114,"column":4},"end":{"line":114,"column":17}},"49":{"start":{"line":116,"column":2},"end":{"line":116,"column":41}},"50":{"start":{"line":119,"column":0},"end":{"line":126,"column":2}},"51":{"start":{"line":121,"column":2},"end":{"line":124,"column":3}},"52":{"start":{"line":122,"column":4},"end":{"line":122,"column":17}},"53":{"start":{"line":123,"column":4},"end":{"line":123,"column":19}},"54":{"start":{"line":125,"column":2},"end":{"line":125,"column":61}},"55":{"start":{"line":128,"column":0},"end":{"line":128,"column":23}}},"branchMap":{"1":{"line":12,"type":"if","locations":[{"start":{"line":12,"column":2},"end":{"line":12,"column":2}},{"start":{"line":12,"column":2},"end":{"line":12,"column":2}}]},"2":{"line":14,"type":"cond-expr","locations":[{"start":{"line":14,"column":48},"end":{"line":14,"column":70}},{"start":{"line":14,"column":73},"end":{"line":14,"column":75}}]},"3":{"line":18,"type":"if","locations":[{"start":{"line":18,"column":4},"end":{"line":18,"column":4}},{"start":{"line":18,"column":4},"end":{"line":18,"column":4}}]},"4":{"line":28,"type":"if","locations":[{"start":{"line":28,"column":2},"end":{"line":28,"column":2}},{"start":{"line":28,"column":2},"end":{"line":28,"column":2}}]},"5":{"line":37,"type":"if","locations":[{"start":{"line":37,"column":2},"end":{"line":37,"column":2}},{"start":{"line":37,"column":2},"end":{"line":37,"column":2}}]},"6":{"line":44,"type":"if","locations":[{"start":{"line":44,"column":4},"end":{"line":44,"column":4}},{"start":{"line":44,"column":4},"end":{"line":44,"column":4}}]},"7":{"line":73,"type":"if","locations":[{"start":{"line":73,"column":2},"end":{"line":73,"column":2}},{"start":{"line":73,"column":2},"end":{"line":73,"column":2}}]},"8":{"line":77,"type":"if","locations":[{"start":{"line":77,"column":2},"end":{"line":77,"column":2}},{"start":{"line":77,"column":2},"end":{"line":77,"column":2}}]},"9":{"line":80,"type":"if","locations":[{"start":{"line":80,"column":2},"end":{"line":80,"column":2}},{"start":{"line":80,"column":2},"end":{"line":80,"column":2}}]},"10":{"line":110,"type":"if","locations":[{"start":{"line":110,"column":2},"end":{"line":110,"column":2}},{"start":{"line":110,"column":2},"end":{"line":110,"column":2}}]},"11":{"line":110,"type":"binary-expr","locations":[{"start":{"line":110,"column":6},"end":{"line":110,"column":16}},{"start":{"line":111,"column":6},"end":{"line":111,"column":28}},{"start":{"line":112,"column":6},"end":{"line":112,"column":38}},{"start":{"line":113,"column":6},"end":{"line":113,"column":43}}]},"12":{"line":121,"type":"if","locations":[{"start":{"line":121,"column":2},"end":{"line":121,"column":2}},{"start":{"line":121,"column":2},"end":{"line":121,"column":2}}]}},"code":["var fs = require('fs'),","    crypto = require('crypto'),","    path = require('path'),","    mkdirp = require('mkdirp');","","function Cache(opts) {","  this.opts = opts;","  this.data = null;","  this.path = opts.path;","","  // can either set the path, or set 'appHash'","  if (opts.path) {","    this.metaPath = opts.path + '/meta.json';","    this.data = (fs.existsSync(this.metaPath) ? require(this.metaPath) : {});","","    // need to do this early on, since if the path is missing,","    // writes to the cache dir will fail","    if (!fs.existsSync(this.opts.path)) {","      mkdirp.sync(this.opts.path);","    }","  } else {","    throw new Error('Must set the cache path');","  }","}","","Cache.prototype.save = function() {","  // just in case","  if (!fs.existsSync(this.opts.path)) {","    mkdirp.sync(this.opts.path);","  }","  fs.writeFileSync(this.metaPath, JSON.stringify(this.data, null, 2));","};","","// invalidates all the cached items for the given inputFilePath","Cache.prototype.junk = function(itemHash) {","  var self = this;","  if (!this.data[itemHash]) {","    return; // nothing to do","  }","  // for each .taskResults","  Object.keys(this.data[itemHash].taskResults).forEach(function(taskHash) {","    // .taskResults[hash] = { path: '...' }","    var cacheFile = self.data[itemHash].taskResults[taskHash].path;","    if (fs.existsSync(cacheFile)) {","      fs.unlink(cacheFile);","    }","  });","  delete this.data[itemHash];","};","","Cache.prototype.clear = function() {","  var self = this;","  // delete any lingering files","  Object.keys(this.data).forEach(function(inputFilePath) {","    self.junk(inputFilePath);","  });","  this.data = {};","  this.save();","};","","Cache.prototype.filename = function() {","  var cacheName;","  // generate a new file name","  do {","    cacheName = path.normalize(","      this.path + '/' + Math.random().toString(36).substring(2)","    );","  } while (fs.existsSync(cacheName));","  return cacheName;","};","","Cache.prototype.complete = function(itemHash, taskHash, cacheFilePath, etag) {","  if (arguments.length < 3) {","    throw new Error('Invalid call to Cache.complete()');","  }","","  if (!this.data[itemHash]) {","    this.data[itemHash] = { taskResults: {} };","  }","  if (!this.data[itemHash].taskResults) {","    this.data[itemHash].taskResults = {};","  }","","  // make pluggable: update the cache with the INPUT item stats","","  this.data[itemHash].taskResults[taskHash] = { path: cacheFilePath, etag: etag };","  // console.log('Complete', itemHash, taskHash);","  this.save();","};","","Cache.prototype.lookup = function(itemHash, taskHash) {","  // console.log('Lookup', itemHash, taskHash, this.data[itemHash]);","  var cacheMeta = this.data[itemHash];","  // {","  //   itemHash: {","  //     stat: (expected stat meta)","  //     md5: (expected hash meta)","  //","  //     taskResults: {","  //       taskHash: {","  //         path: (path in cache for this task)","  //       }","  //     }","  //   }","  // }","","  // make pluggable: verification that the looked up item is OK","","  // now, search for a cached file that corresponds to the current task hash","  if (!cacheMeta ||","      !cacheMeta.taskResults ||","      !cacheMeta.taskResults[taskHash] ||","      !cacheMeta.taskResults[taskHash].path) {","    return false;","  }","  return cacheMeta.taskResults[taskHash];","};","","Cache.hash = Cache.prototype.hash = function(method, str) {","  // method is optional, defaults to md5","  if (arguments.length === 1) {","    str = method;","    method = 'md5';","  }","  return crypto.createHash(method).update(str).digest('hex');","};","","module.exports = Cache;","",""],"l":{"1":1,"6":1,"7":0,"8":0,"9":0,"12":0,"13":0,"14":0,"18":0,"19":0,"22":0,"26":1,"28":0,"29":0,"31":0,"35":1,"36":0,"37":0,"38":0,"41":0,"43":0,"44":0,"45":0,"48":0,"51":1,"52":0,"54":0,"55":0,"57":0,"58":0,"61":1,"62":0,"64":0,"65":0,"69":0,"72":1,"73":0,"74":0,"77":0,"78":0,"80":0,"81":0,"86":0,"88":0,"91":1,"93":0,"110":0,"114":0,"116":0,"119":1,"121":0,"122":0,"123":0,"125":0,"128":1}},"/home/travis/build/npmtest/node-npmtest-npm_lazy/node_modules/npm_lazy/config.js":{"path":"/home/travis/build/npmtest/node-npmtest-npm_lazy/node_modules/npm_lazy/config.js","s":{"1":1,"2":1},"b":{"1":[0,1]},"f":{},"fnMap":{},"statementMap":{"1":{"start":{"line":1,"column":0},"end":{"line":2,"column":99}},"2":{"start":{"line":4,"column":0},"end":{"line":68,"column":2}}},"branchMap":{"1":{"line":2,"type":"cond-expr","locations":[{"start":{"line":2,"column":74},"end":{"line":2,"column":87}},{"start":{"line":2,"column":90},"end":{"line":2,"column":96}}]}},"code":["var path = require('path'),","    homePath = path.normalize(process.env[(process.platform == 'win32') ? 'USERPROFILE' : 'HOME']);","","module.exports = {","  // Logging config","  loggingOpts: {","","\t// show the ip address of the machine requesting the npm package","    logRequesterIP: true,","    // Print to stdout with colors","    logToConsole: true,","    // Write to file","    logToFile: false,","","    // This should be a file path.","    filename: homePath + '/npm_lazy.log'","  },","","  // Cache config","","  // `cacheDirectory`: Directory to store cached packages.","  //","  // Note: Since any relative path is resolved relative to the current working","  // directory when the server is started, you should use a full path.","","  cacheDirectory: homePath + '/.npm_lazy',","","  // `cacheAge`: maximum age before an index is refreshed from remoteUrl","  // - negative value means no refresh (e.g. once cached, never update the package.json metadata)","  // - zero means always refresh (e.g. always ask the registry for metadata)","  // - positive value means refresh every n milliseconds","  //   (e.g. 60 * 60 * 1000 = expire metadata every 60 minutes)","  //","  // Note: if you want to use `npm star` and other methods which update","  // npm metadata, you will need to set cacheAge to 0. npm generally wants the latest","  // package metadata version so caching package metadata will interfere with it.","","  // Recommended setting: 0","  cacheAge: 0,","","  // Request config","","  // max milliseconds to wait for each HTTP response","  httpTimeout: 10000,","  // maximum number of retries per HTTP resource to get","  maxRetries: 5,","  // whether or not HTTPS requests are checked against Node's list of CAs","  // set false if you are using your own npm mirror with a self-signed SSL cert","  rejectUnauthorized: true,","","  // Remote and local URL","","  // external url to npm_lazy, no trailing /","  externalUrl: 'http://localhost:8080',","  // registry url with trailing /","  remoteUrl: 'https://registry.npmjs.com/',","  // bind port and host","  port: 8080,","  host: '0.0.0.0',","","  // Proxy config","  // You can also configure this using the http_proxy and https_proxy environment variables","  // cf. https://wiki.archlinux.org/index.php/proxy_settings","  proxy: {","    // http: 'http://1.2.3.4:80/',","    // https: 'http://4.3.2.1:80/'","  }","};",""],"l":{"1":1,"4":1}}}